WARNING: System properties and/or JVM args set.  Consider using --dry-run or --exec
0    INFO  (main) [   ] o.e.j.u.log Logging initialized @8969ms
2673 INFO  (main) [   ] o.e.j.s.Server jetty-9.2.11.v20150529
2755 WARN  (main) [   ] o.e.j.s.h.RequestLogHandler !RequestLog
2756 INFO  (main) [   ] o.e.j.d.p.ScanningAppProvider Deployment monitor [file:/home/ronald/Descargas/solr-5.3.1/server/contexts/] at interval 0
5290 INFO  (main) [   ] o.e.j.w.StandardDescriptorProcessor NO JSP Support for /solr, did not find org.apache.jasper.servlet.JspServlet
5531 WARN  (main) [   ] o.e.j.s.SecurityHandler ServletContext@o.e.j.w.WebAppContext@271053e1{/solr,file:/home/ronald/Descargas/solr-5.3.1/server/solr-webapp/webapp/,STARTING}{/home/ronald/Descargas/solr-5.3.1/server/solr-webapp/webapp} has uncovered http methods for path: /
5700 INFO  (main) [   ] o.a.s.s.SolrDispatchFilter SolrDispatchFilter.init(): WebAppClassLoader=1164371389@4566e5bd
6061 INFO  (main) [   ] o.a.s.c.SolrResourceLoader JNDI not configured for solr (NoInitialContextEx)
6061 INFO  (main) [   ] o.a.s.c.SolrResourceLoader using system property solr.solr.home: /home/ronald/Descargas/solr-5.3.1/server/solr
6097 INFO  (main) [   ] o.a.s.c.SolrResourceLoader new SolrResourceLoader for directory: '/home/ronald/Descargas/solr-5.3.1/server/solr/'
8462 INFO  (main) [   ] o.a.s.c.SolrXmlConfig Loading container configuration from /home/ronald/Descargas/solr-5.3.1/server/solr/solr.xml
10751 INFO  (main) [   ] o.a.s.c.CoresLocator Config-defined core root directory: /home/ronald/Descargas/solr-5.3.1/server/solr
12047 INFO  (main) [   ] o.a.s.c.CoreContainer New CoreContainer 1276261147
12047 INFO  (main) [   ] o.a.s.c.CoreContainer Loading cores into CoreContainer [instanceDir=/home/ronald/Descargas/solr-5.3.1/server/solr/]
12047 INFO  (main) [   ] o.a.s.c.CoreContainer loading shared library: /home/ronald/Descargas/solr-5.3.1/server/solr/lib
12047 WARN  (main) [   ] o.a.s.c.SolrResourceLoader Can't find (or read) directory to add to classloader: lib (resolved as: /home/ronald/Descargas/solr-5.3.1/server/solr/lib).
12470 INFO  (main) [   ] o.a.s.h.c.HttpShardHandlerFactory created with socketTimeout : 600000,connTimeout : 60000,maxConnectionsPerHost : 20,maxConnections : 10000,corePoolSize : 0,maximumPoolSize : 2147483647,maxThreadIdleTime : 5,sizeOfQueue : -1,fairnessPolicy : false,useRetries : false,
17785 INFO  (main) [   ] o.a.s.u.UpdateShardHandler Creating UpdateShardHandler HTTP client with params: socketTimeout=600000&connTimeout=60000&retry=true
17787 INFO  (main) [   ] o.a.s.l.LogWatcher SLF4J impl is org.slf4j.impl.Log4jLoggerFactory
17788 INFO  (main) [   ] o.a.s.l.LogWatcher Registering Log Listener [Log4j (org.slf4j.impl.Log4jLoggerFactory)]
17813 INFO  (main) [   ] o.a.s.c.CoreContainer Security conf doesn't exist. Skipping setup for authorization module.
17813 INFO  (main) [   ] o.a.s.c.CoreContainer No authentication plugin used.
18454 INFO  (main) [   ] o.a.s.c.CoresLocator Looking for core definitions underneath /home/ronald/Descargas/solr-5.3.1/server/solr
18746 INFO  (main) [   ] o.a.s.c.SolrCore Created CoreDescriptor: {name=avisos, config=solrconfig.xml, transient=false, schema=schema.xml, loadOnStartup=true, configSetProperties=configsetprops.json, instanceDir=/home/ronald/Descargas/solr-5.3.1/server/solr/avisos, absoluteInstDir=/home/ronald/Descargas/solr-5.3.1/server/solr/avisos/, dataDir=data/}
18747 INFO  (main) [   ] o.a.s.c.CoresLocator Found core avisos in /home/ronald/Descargas/solr-5.3.1/server/solr/avisos/
18808 INFO  (main) [   ] o.a.s.c.SolrCore Created CoreDescriptor: {name=tipo_valor, config=solrconfig.xml, transient=false, schema=schema.xml, loadOnStartup=true, configSetProperties=configsetprops.json, instanceDir=/home/ronald/Descargas/solr-5.3.1/server/solr/tipo_valor, absoluteInstDir=/home/ronald/Descargas/solr-5.3.1/server/solr/tipo_valor/, dataDir=data/}
18808 INFO  (main) [   ] o.a.s.c.CoresLocator Found core tipo_valor in /home/ronald/Descargas/solr-5.3.1/server/solr/tipo_valor/
18835 INFO  (main) [   ] o.a.s.c.SolrCore Created CoreDescriptor: {name=token, config=solrconfig.xml, transient=false, schema=schema.xml, loadOnStartup=true, configSetProperties=configsetprops.json, instanceDir=/home/ronald/Descargas/solr-5.3.1/server/solr/token, absoluteInstDir=/home/ronald/Descargas/solr-5.3.1/server/solr/token/, dataDir=data/}
18835 INFO  (main) [   ] o.a.s.c.CoresLocator Found core token in /home/ronald/Descargas/solr-5.3.1/server/solr/token/
18947 INFO  (main) [   ] o.a.s.c.CoresLocator Found 3 core definitions
18959 INFO  (coreLoadExecutor-6-thread-1) [   ] o.a.s.c.SolrResourceLoader new SolrResourceLoader for directory: '/home/ronald/Descargas/solr-5.3.1/server/solr/avisos/'
18959 INFO  (main) [   ] o.a.s.s.SolrDispatchFilter user.dir=/home/ronald/Descargas/solr-5.3.1/server
18959 INFO  (coreLoadExecutor-6-thread-2) [   ] o.a.s.c.SolrResourceLoader new SolrResourceLoader for directory: '/home/ronald/Descargas/solr-5.3.1/server/solr/tipo_valor/'
18959 INFO  (coreLoadExecutor-6-thread-3) [   ] o.a.s.c.SolrResourceLoader new SolrResourceLoader for directory: '/home/ronald/Descargas/solr-5.3.1/server/solr/token/'
18961 INFO  (main) [   ] o.a.s.s.SolrDispatchFilter SolrDispatchFilter.init() done
19081 INFO  (main) [   ] o.e.j.s.h.ContextHandler Started o.e.j.w.WebAppContext@271053e1{/solr,file:/home/ronald/Descargas/solr-5.3.1/server/solr-webapp/webapp/,AVAILABLE}{/home/ronald/Descargas/solr-5.3.1/server/solr-webapp/webapp}
19358 INFO  (coreLoadExecutor-6-thread-3) [   ] o.a.s.c.SolrConfig current version of requestparams : 0
19361 INFO  (coreLoadExecutor-6-thread-3) [   ] o.a.s.c.SolrConfig Adding specified lib dirs to ClassLoader
19366 INFO  (coreLoadExecutor-6-thread-1) [   ] o.a.s.c.SolrConfig current version of requestparams : 0
19368 INFO  (coreLoadExecutor-6-thread-1) [   ] o.a.s.c.SolrConfig Adding specified lib dirs to ClassLoader
19390 INFO  (coreLoadExecutor-6-thread-2) [   ] o.a.s.c.SolrConfig current version of requestparams : 0
19391 INFO  (coreLoadExecutor-6-thread-2) [   ] o.a.s.c.SolrConfig Adding specified lib dirs to ClassLoader
19556 INFO  (coreLoadExecutor-6-thread-3) [   ] o.a.s.c.SolrResourceLoader Adding 'file:/home/ronald/Descargas/solr-5.3.1/contrib/extraction/lib/xmlbeans-2.6.0.jar' to classloader
19556 INFO  (coreLoadExecutor-6-thread-2) [   ] o.a.s.c.SolrResourceLoader Adding 'file:/home/ronald/Descargas/solr-5.3.1/contrib/extraction/lib/xmlbeans-2.6.0.jar' to classloader
19556 INFO  (coreLoadExecutor-6-thread-3) [   ] o.a.s.c.SolrResourceLoader Adding 'file:/home/ronald/Descargas/solr-5.3.1/contrib/extraction/lib/bcprov-jdk15-1.45.jar' to classloader
19556 INFO  (coreLoadExecutor-6-thread-2) [   ] o.a.s.c.SolrResourceLoader Adding 'file:/home/ronald/Descargas/solr-5.3.1/contrib/extraction/lib/bcprov-jdk15-1.45.jar' to classloader
19557 INFO  (coreLoadExecutor-6-thread-3) [   ] o.a.s.c.SolrResourceLoader Adding 'file:/home/ronald/Descargas/solr-5.3.1/contrib/extraction/lib/tika-core-1.7.jar' to classloader
19557 INFO  (coreLoadExecutor-6-thread-2) [   ] o.a.s.c.SolrResourceLoader Adding 'file:/home/ronald/Descargas/solr-5.3.1/contrib/extraction/lib/tika-core-1.7.jar' to classloader
19557 INFO  (coreLoadExecutor-6-thread-3) [   ] o.a.s.c.SolrResourceLoader Adding 'file:/home/ronald/Descargas/solr-5.3.1/contrib/extraction/lib/xz-1.5.jar' to classloader
19557 INFO  (coreLoadExecutor-6-thread-2) [   ] o.a.s.c.SolrResourceLoader Adding 'file:/home/ronald/Descargas/solr-5.3.1/contrib/extraction/lib/xz-1.5.jar' to classloader
19557 INFO  (coreLoadExecutor-6-thread-3) [   ] o.a.s.c.SolrResourceLoader Adding 'file:/home/ronald/Descargas/solr-5.3.1/contrib/extraction/lib/xmpcore-5.1.2.jar' to classloader
19557 INFO  (coreLoadExecutor-6-thread-2) [   ] o.a.s.c.SolrResourceLoader Adding 'file:/home/ronald/Descargas/solr-5.3.1/contrib/extraction/lib/xmpcore-5.1.2.jar' to classloader
19557 INFO  (coreLoadExecutor-6-thread-3) [   ] o.a.s.c.SolrResourceLoader Adding 'file:/home/ronald/Descargas/solr-5.3.1/contrib/extraction/lib/icu4j-54.1.jar' to classloader
19557 INFO  (coreLoadExecutor-6-thread-2) [   ] o.a.s.c.SolrResourceLoader Adding 'file:/home/ronald/Descargas/solr-5.3.1/contrib/extraction/lib/icu4j-54.1.jar' to classloader
19557 INFO  (coreLoadExecutor-6-thread-3) [   ] o.a.s.c.SolrResourceLoader Adding 'file:/home/ronald/Descargas/solr-5.3.1/contrib/extraction/lib/jdom-1.0.jar' to classloader
19557 INFO  (coreLoadExecutor-6-thread-2) [   ] o.a.s.c.SolrResourceLoader Adding 'file:/home/ronald/Descargas/solr-5.3.1/contrib/extraction/lib/jdom-1.0.jar' to classloader
19557 INFO  (coreLoadExecutor-6-thread-3) [   ] o.a.s.c.SolrResourceLoader Adding 'file:/home/ronald/Descargas/solr-5.3.1/contrib/extraction/lib/jempbox-1.8.8.jar' to classloader
19557 INFO  (coreLoadExecutor-6-thread-2) [   ] o.a.s.c.SolrResourceLoader Adding 'file:/home/ronald/Descargas/solr-5.3.1/contrib/extraction/lib/jempbox-1.8.8.jar' to classloader
19557 INFO  (coreLoadExecutor-6-thread-3) [   ] o.a.s.c.SolrResourceLoader Adding 'file:/home/ronald/Descargas/solr-5.3.1/contrib/extraction/lib/tika-java7-1.7.jar' to classloader
19557 INFO  (coreLoadExecutor-6-thread-2) [   ] o.a.s.c.SolrResourceLoader Adding 'file:/home/ronald/Descargas/solr-5.3.1/contrib/extraction/lib/tika-java7-1.7.jar' to classloader
19557 INFO  (coreLoadExecutor-6-thread-3) [   ] o.a.s.c.SolrResourceLoader Adding 'file:/home/ronald/Descargas/solr-5.3.1/contrib/extraction/lib/apache-mime4j-dom-0.7.2.jar' to classloader
19557 INFO  (coreLoadExecutor-6-thread-2) [   ] o.a.s.c.SolrResourceLoader Adding 'file:/home/ronald/Descargas/solr-5.3.1/contrib/extraction/lib/apache-mime4j-dom-0.7.2.jar' to classloader
19557 INFO  (coreLoadExecutor-6-thread-3) [   ] o.a.s.c.SolrResourceLoader Adding 'file:/home/ronald/Descargas/solr-5.3.1/contrib/extraction/lib/rome-1.0.jar' to classloader
19558 INFO  (coreLoadExecutor-6-thread-2) [   ] o.a.s.c.SolrResourceLoader Adding 'file:/home/ronald/Descargas/solr-5.3.1/contrib/extraction/lib/rome-1.0.jar' to classloader
19558 INFO  (coreLoadExecutor-6-thread-3) [   ] o.a.s.c.SolrResourceLoader Adding 'file:/home/ronald/Descargas/solr-5.3.1/contrib/extraction/lib/poi-ooxml-schemas-3.11.jar' to classloader
19558 INFO  (coreLoadExecutor-6-thread-2) [   ] o.a.s.c.SolrResourceLoader Adding 'file:/home/ronald/Descargas/solr-5.3.1/contrib/extraction/lib/poi-ooxml-schemas-3.11.jar' to classloader
19558 INFO  (coreLoadExecutor-6-thread-3) [   ] o.a.s.c.SolrResourceLoader Adding 'file:/home/ronald/Descargas/solr-5.3.1/contrib/extraction/lib/poi-3.11.jar' to classloader
19558 INFO  (coreLoadExecutor-6-thread-2) [   ] o.a.s.c.SolrResourceLoader Adding 'file:/home/ronald/Descargas/solr-5.3.1/contrib/extraction/lib/poi-3.11.jar' to classloader
19558 INFO  (coreLoadExecutor-6-thread-3) [   ] o.a.s.c.SolrResourceLoader Adding 'file:/home/ronald/Descargas/solr-5.3.1/contrib/extraction/lib/vorbis-java-tika-0.6.jar' to classloader
19558 INFO  (coreLoadExecutor-6-thread-2) [   ] o.a.s.c.SolrResourceLoader Adding 'file:/home/ronald/Descargas/solr-5.3.1/contrib/extraction/lib/vorbis-java-tika-0.6.jar' to classloader
19558 INFO  (coreLoadExecutor-6-thread-2) [   ] o.a.s.c.SolrResourceLoader Adding 'file:/home/ronald/Descargas/solr-5.3.1/contrib/extraction/lib/isoparser-1.0.2.jar' to classloader
19558 INFO  (coreLoadExecutor-6-thread-2) [   ] o.a.s.c.SolrResourceLoader Adding 'file:/home/ronald/Descargas/solr-5.3.1/contrib/extraction/lib/boilerpipe-1.1.0.jar' to classloader
19558 INFO  (coreLoadExecutor-6-thread-3) [   ] o.a.s.c.SolrResourceLoader Adding 'file:/home/ronald/Descargas/solr-5.3.1/contrib/extraction/lib/isoparser-1.0.2.jar' to classloader
19558 INFO  (coreLoadExecutor-6-thread-2) [   ] o.a.s.c.SolrResourceLoader Adding 'file:/home/ronald/Descargas/solr-5.3.1/contrib/extraction/lib/bcmail-jdk15-1.45.jar' to classloader
19558 INFO  (coreLoadExecutor-6-thread-3) [   ] o.a.s.c.SolrResourceLoader Adding 'file:/home/ronald/Descargas/solr-5.3.1/contrib/extraction/lib/boilerpipe-1.1.0.jar' to classloader
19560 INFO  (coreLoadExecutor-6-thread-1) [   ] o.a.s.c.SolrResourceLoader Adding 'file:/home/ronald/Descargas/solr-5.3.1/contrib/extraction/lib/xmlbeans-2.6.0.jar' to classloader
19558 INFO  (coreLoadExecutor-6-thread-2) [   ] o.a.s.c.SolrResourceLoader Adding 'file:/home/ronald/Descargas/solr-5.3.1/contrib/extraction/lib/apache-mime4j-core-0.7.2.jar' to classloader
19560 INFO  (coreLoadExecutor-6-thread-1) [   ] o.a.s.c.SolrResourceLoader Adding 'file:/home/ronald/Descargas/solr-5.3.1/contrib/extraction/lib/bcprov-jdk15-1.45.jar' to classloader
19560 INFO  (coreLoadExecutor-6-thread-3) [   ] o.a.s.c.SolrResourceLoader Adding 'file:/home/ronald/Descargas/solr-5.3.1/contrib/extraction/lib/bcmail-jdk15-1.45.jar' to classloader
19560 INFO  (coreLoadExecutor-6-thread-1) [   ] o.a.s.c.SolrResourceLoader Adding 'file:/home/ronald/Descargas/solr-5.3.1/contrib/extraction/lib/tika-core-1.7.jar' to classloader
19560 INFO  (coreLoadExecutor-6-thread-2) [   ] o.a.s.c.SolrResourceLoader Adding 'file:/home/ronald/Descargas/solr-5.3.1/contrib/extraction/lib/tika-xmp-1.7.jar' to classloader
19560 INFO  (coreLoadExecutor-6-thread-1) [   ] o.a.s.c.SolrResourceLoader Adding 'file:/home/ronald/Descargas/solr-5.3.1/contrib/extraction/lib/xz-1.5.jar' to classloader
19560 INFO  (coreLoadExecutor-6-thread-3) [   ] o.a.s.c.SolrResourceLoader Adding 'file:/home/ronald/Descargas/solr-5.3.1/contrib/extraction/lib/apache-mime4j-core-0.7.2.jar' to classloader
19560 INFO  (coreLoadExecutor-6-thread-1) [   ] o.a.s.c.SolrResourceLoader Adding 'file:/home/ronald/Descargas/solr-5.3.1/contrib/extraction/lib/xmpcore-5.1.2.jar' to classloader
19560 INFO  (coreLoadExecutor-6-thread-2) [   ] o.a.s.c.SolrResourceLoader Adding 'file:/home/ronald/Descargas/solr-5.3.1/contrib/extraction/lib/tagsoup-1.2.1.jar' to classloader
19561 INFO  (coreLoadExecutor-6-thread-1) [   ] o.a.s.c.SolrResourceLoader Adding 'file:/home/ronald/Descargas/solr-5.3.1/contrib/extraction/lib/icu4j-54.1.jar' to classloader
19560 INFO  (coreLoadExecutor-6-thread-3) [   ] o.a.s.c.SolrResourceLoader Adding 'file:/home/ronald/Descargas/solr-5.3.1/contrib/extraction/lib/tika-xmp-1.7.jar' to classloader
19561 INFO  (coreLoadExecutor-6-thread-1) [   ] o.a.s.c.SolrResourceLoader Adding 'file:/home/ronald/Descargas/solr-5.3.1/contrib/extraction/lib/jdom-1.0.jar' to classloader
19561 INFO  (coreLoadExecutor-6-thread-2) [   ] o.a.s.c.SolrResourceLoader Adding 'file:/home/ronald/Descargas/solr-5.3.1/contrib/extraction/lib/poi-scratchpad-3.11.jar' to classloader
19561 INFO  (coreLoadExecutor-6-thread-2) [   ] o.a.s.c.SolrResourceLoader Adding 'file:/home/ronald/Descargas/solr-5.3.1/contrib/extraction/lib/poi-ooxml-3.11.jar' to classloader
19561 INFO  (coreLoadExecutor-6-thread-1) [   ] o.a.s.c.SolrResourceLoader Adding 'file:/home/ronald/Descargas/solr-5.3.1/contrib/extraction/lib/jempbox-1.8.8.jar' to classloader
19561 INFO  (coreLoadExecutor-6-thread-3) [   ] o.a.s.c.SolrResourceLoader Adding 'file:/home/ronald/Descargas/solr-5.3.1/contrib/extraction/lib/tagsoup-1.2.1.jar' to classloader
19561 INFO  (coreLoadExecutor-6-thread-1) [   ] o.a.s.c.SolrResourceLoader Adding 'file:/home/ronald/Descargas/solr-5.3.1/contrib/extraction/lib/tika-java7-1.7.jar' to classloader
19561 INFO  (coreLoadExecutor-6-thread-2) [   ] o.a.s.c.SolrResourceLoader Adding 'file:/home/ronald/Descargas/solr-5.3.1/contrib/extraction/lib/xercesImpl-2.9.1.jar' to classloader
19561 INFO  (coreLoadExecutor-6-thread-1) [   ] o.a.s.c.SolrResourceLoader Adding 'file:/home/ronald/Descargas/solr-5.3.1/contrib/extraction/lib/apache-mime4j-dom-0.7.2.jar' to classloader
19561 INFO  (coreLoadExecutor-6-thread-3) [   ] o.a.s.c.SolrResourceLoader Adding 'file:/home/ronald/Descargas/solr-5.3.1/contrib/extraction/lib/poi-scratchpad-3.11.jar' to classloader
19561 INFO  (coreLoadExecutor-6-thread-1) [   ] o.a.s.c.SolrResourceLoader Adding 'file:/home/ronald/Descargas/solr-5.3.1/contrib/extraction/lib/rome-1.0.jar' to classloader
19561 INFO  (coreLoadExecutor-6-thread-2) [   ] o.a.s.c.SolrResourceLoader Adding 'file:/home/ronald/Descargas/solr-5.3.1/contrib/extraction/lib/vorbis-java-core-0.6.jar' to classloader
19562 INFO  (coreLoadExecutor-6-thread-1) [   ] o.a.s.c.SolrResourceLoader Adding 'file:/home/ronald/Descargas/solr-5.3.1/contrib/extraction/lib/poi-ooxml-schemas-3.11.jar' to classloader
19562 INFO  (coreLoadExecutor-6-thread-3) [   ] o.a.s.c.SolrResourceLoader Adding 'file:/home/ronald/Descargas/solr-5.3.1/contrib/extraction/lib/poi-ooxml-3.11.jar' to classloader
19562 INFO  (coreLoadExecutor-6-thread-1) [   ] o.a.s.c.SolrResourceLoader Adding 'file:/home/ronald/Descargas/solr-5.3.1/contrib/extraction/lib/poi-3.11.jar' to classloader
19562 INFO  (coreLoadExecutor-6-thread-2) [   ] o.a.s.c.SolrResourceLoader Adding 'file:/home/ronald/Descargas/solr-5.3.1/contrib/extraction/lib/aspectjrt-1.8.0.jar' to classloader
19562 INFO  (coreLoadExecutor-6-thread-1) [   ] o.a.s.c.SolrResourceLoader Adding 'file:/home/ronald/Descargas/solr-5.3.1/contrib/extraction/lib/vorbis-java-tika-0.6.jar' to classloader
19562 INFO  (coreLoadExecutor-6-thread-3) [   ] o.a.s.c.SolrResourceLoader Adding 'file:/home/ronald/Descargas/solr-5.3.1/contrib/extraction/lib/xercesImpl-2.9.1.jar' to classloader
19562 INFO  (coreLoadExecutor-6-thread-1) [   ] o.a.s.c.SolrResourceLoader Adding 'file:/home/ronald/Descargas/solr-5.3.1/contrib/extraction/lib/isoparser-1.0.2.jar' to classloader
19562 INFO  (coreLoadExecutor-6-thread-2) [   ] o.a.s.c.SolrResourceLoader Adding 'file:/home/ronald/Descargas/solr-5.3.1/contrib/extraction/lib/jmatio-1.0.jar' to classloader
19562 INFO  (coreLoadExecutor-6-thread-2) [   ] o.a.s.c.SolrResourceLoader Adding 'file:/home/ronald/Descargas/solr-5.3.1/contrib/extraction/lib/commons-compress-1.8.1.jar' to classloader
19562 INFO  (coreLoadExecutor-6-thread-2) [   ] o.a.s.c.SolrResourceLoader Adding 'file:/home/ronald/Descargas/solr-5.3.1/contrib/extraction/lib/metadata-extractor-2.6.2.jar' to classloader
19562 INFO  (coreLoadExecutor-6-thread-2) [   ] o.a.s.c.SolrResourceLoader Adding 'file:/home/ronald/Descargas/solr-5.3.1/contrib/extraction/lib/juniversalchardet-1.0.3.jar' to classloader
19562 INFO  (coreLoadExecutor-6-thread-1) [   ] o.a.s.c.SolrResourceLoader Adding 'file:/home/ronald/Descargas/solr-5.3.1/contrib/extraction/lib/boilerpipe-1.1.0.jar' to classloader
19562 INFO  (coreLoadExecutor-6-thread-3) [   ] o.a.s.c.SolrResourceLoader Adding 'file:/home/ronald/Descargas/solr-5.3.1/contrib/extraction/lib/vorbis-java-core-0.6.jar' to classloader
19562 INFO  (coreLoadExecutor-6-thread-3) [   ] o.a.s.c.SolrResourceLoader Adding 'file:/home/ronald/Descargas/solr-5.3.1/contrib/extraction/lib/aspectjrt-1.8.0.jar' to classloader
19563 INFO  (coreLoadExecutor-6-thread-3) [   ] o.a.s.c.SolrResourceLoader Adding 'file:/home/ronald/Descargas/solr-5.3.1/contrib/extraction/lib/jmatio-1.0.jar' to classloader
19563 INFO  (coreLoadExecutor-6-thread-3) [   ] o.a.s.c.SolrResourceLoader Adding 'file:/home/ronald/Descargas/solr-5.3.1/contrib/extraction/lib/commons-compress-1.8.1.jar' to classloader
19563 INFO  (coreLoadExecutor-6-thread-3) [   ] o.a.s.c.SolrResourceLoader Adding 'file:/home/ronald/Descargas/solr-5.3.1/contrib/extraction/lib/metadata-extractor-2.6.2.jar' to classloader
19563 INFO  (coreLoadExecutor-6-thread-3) [   ] o.a.s.c.SolrResourceLoader Adding 'file:/home/ronald/Descargas/solr-5.3.1/contrib/extraction/lib/juniversalchardet-1.0.3.jar' to classloader
19563 INFO  (coreLoadExecutor-6-thread-1) [   ] o.a.s.c.SolrResourceLoader Adding 'file:/home/ronald/Descargas/solr-5.3.1/contrib/extraction/lib/bcmail-jdk15-1.45.jar' to classloader
19563 INFO  (coreLoadExecutor-6-thread-3) [   ] o.a.s.c.SolrResourceLoader Adding 'file:/home/ronald/Descargas/solr-5.3.1/contrib/extraction/lib/tika-parsers-1.7.jar' to classloader
19563 INFO  (coreLoadExecutor-6-thread-3) [   ] o.a.s.c.SolrResourceLoader Adding 'file:/home/ronald/Descargas/solr-5.3.1/contrib/extraction/lib/pdfbox-1.8.8.jar' to classloader
19563 INFO  (coreLoadExecutor-6-thread-3) [   ] o.a.s.c.SolrResourceLoader Adding 'file:/home/ronald/Descargas/solr-5.3.1/contrib/extraction/lib/fontbox-1.8.8.jar' to classloader
19563 INFO  (coreLoadExecutor-6-thread-2) [   ] o.a.s.c.SolrResourceLoader Adding 'file:/home/ronald/Descargas/solr-5.3.1/contrib/extraction/lib/tika-parsers-1.7.jar' to classloader
19564 INFO  (coreLoadExecutor-6-thread-2) [   ] o.a.s.c.SolrResourceLoader Adding 'file:/home/ronald/Descargas/solr-5.3.1/contrib/extraction/lib/pdfbox-1.8.8.jar' to classloader
19564 INFO  (coreLoadExecutor-6-thread-2) [   ] o.a.s.c.SolrResourceLoader Adding 'file:/home/ronald/Descargas/solr-5.3.1/contrib/extraction/lib/fontbox-1.8.8.jar' to classloader
19563 INFO  (coreLoadExecutor-6-thread-1) [   ] o.a.s.c.SolrResourceLoader Adding 'file:/home/ronald/Descargas/solr-5.3.1/contrib/extraction/lib/apache-mime4j-core-0.7.2.jar' to classloader
19564 INFO  (coreLoadExecutor-6-thread-3) [   ] o.a.s.c.SolrResourceLoader Adding 'file:/home/ronald/Descargas/solr-5.3.1/contrib/extraction/lib/java-libpst-0.8.1.jar' to classloader
19564 INFO  (coreLoadExecutor-6-thread-2) [   ] o.a.s.c.SolrResourceLoader Adding 'file:/home/ronald/Descargas/solr-5.3.1/contrib/extraction/lib/java-libpst-0.8.1.jar' to classloader
19564 INFO  (coreLoadExecutor-6-thread-1) [   ] o.a.s.c.SolrResourceLoader Adding 'file:/home/ronald/Descargas/solr-5.3.1/contrib/extraction/lib/tika-xmp-1.7.jar' to classloader
19565 INFO  (coreLoadExecutor-6-thread-1) [   ] o.a.s.c.SolrResourceLoader Adding 'file:/home/ronald/Descargas/solr-5.3.1/contrib/extraction/lib/tagsoup-1.2.1.jar' to classloader
19565 INFO  (coreLoadExecutor-6-thread-1) [   ] o.a.s.c.SolrResourceLoader Adding 'file:/home/ronald/Descargas/solr-5.3.1/contrib/extraction/lib/poi-scratchpad-3.11.jar' to classloader
19565 INFO  (coreLoadExecutor-6-thread-1) [   ] o.a.s.c.SolrResourceLoader Adding 'file:/home/ronald/Descargas/solr-5.3.1/contrib/extraction/lib/poi-ooxml-3.11.jar' to classloader
19565 INFO  (coreLoadExecutor-6-thread-1) [   ] o.a.s.c.SolrResourceLoader Adding 'file:/home/ronald/Descargas/solr-5.3.1/contrib/extraction/lib/xercesImpl-2.9.1.jar' to classloader
19565 INFO  (coreLoadExecutor-6-thread-1) [   ] o.a.s.c.SolrResourceLoader Adding 'file:/home/ronald/Descargas/solr-5.3.1/contrib/extraction/lib/vorbis-java-core-0.6.jar' to classloader
19565 INFO  (coreLoadExecutor-6-thread-1) [   ] o.a.s.c.SolrResourceLoader Adding 'file:/home/ronald/Descargas/solr-5.3.1/contrib/extraction/lib/aspectjrt-1.8.0.jar' to classloader
19565 INFO  (coreLoadExecutor-6-thread-1) [   ] o.a.s.c.SolrResourceLoader Adding 'file:/home/ronald/Descargas/solr-5.3.1/contrib/extraction/lib/jmatio-1.0.jar' to classloader
19565 INFO  (coreLoadExecutor-6-thread-1) [   ] o.a.s.c.SolrResourceLoader Adding 'file:/home/ronald/Descargas/solr-5.3.1/contrib/extraction/lib/commons-compress-1.8.1.jar' to classloader
19565 INFO  (coreLoadExecutor-6-thread-1) [   ] o.a.s.c.SolrResourceLoader Adding 'file:/home/ronald/Descargas/solr-5.3.1/contrib/extraction/lib/metadata-extractor-2.6.2.jar' to classloader
19565 INFO  (coreLoadExecutor-6-thread-1) [   ] o.a.s.c.SolrResourceLoader Adding 'file:/home/ronald/Descargas/solr-5.3.1/contrib/extraction/lib/juniversalchardet-1.0.3.jar' to classloader
19565 INFO  (coreLoadExecutor-6-thread-1) [   ] o.a.s.c.SolrResourceLoader Adding 'file:/home/ronald/Descargas/solr-5.3.1/contrib/extraction/lib/tika-parsers-1.7.jar' to classloader
19565 INFO  (coreLoadExecutor-6-thread-1) [   ] o.a.s.c.SolrResourceLoader Adding 'file:/home/ronald/Descargas/solr-5.3.1/contrib/extraction/lib/pdfbox-1.8.8.jar' to classloader
19565 INFO  (coreLoadExecutor-6-thread-1) [   ] o.a.s.c.SolrResourceLoader Adding 'file:/home/ronald/Descargas/solr-5.3.1/contrib/extraction/lib/fontbox-1.8.8.jar' to classloader
19565 INFO  (coreLoadExecutor-6-thread-1) [   ] o.a.s.c.SolrResourceLoader Adding 'file:/home/ronald/Descargas/solr-5.3.1/contrib/extraction/lib/java-libpst-0.8.1.jar' to classloader
19868 INFO  (coreLoadExecutor-6-thread-2) [   ] o.a.s.c.SolrResourceLoader Adding 'file:/home/ronald/Descargas/solr-5.3.1/dist/solr-cell-5.3.1.jar' to classloader
19868 INFO  (coreLoadExecutor-6-thread-1) [   ] o.a.s.c.SolrResourceLoader Adding 'file:/home/ronald/Descargas/solr-5.3.1/dist/solr-cell-5.3.1.jar' to classloader
19868 INFO  (coreLoadExecutor-6-thread-3) [   ] o.a.s.c.SolrResourceLoader Adding 'file:/home/ronald/Descargas/solr-5.3.1/dist/solr-cell-5.3.1.jar' to classloader
19932 INFO  (main) [   ] o.e.j.s.ServerConnector Started ServerConnector@5e2c3d18{HTTP/1.1}{0.0.0.0:8983}
19934 INFO  (main) [   ] o.e.j.s.Server Started @28905ms
19955 INFO  (coreLoadExecutor-6-thread-3) [   ] o.a.s.c.SolrResourceLoader Adding 'file:/home/ronald/Descargas/solr-5.3.1/contrib/clustering/lib/attributes-binder-1.2.1.jar' to classloader
19955 INFO  (coreLoadExecutor-6-thread-1) [   ] o.a.s.c.SolrResourceLoader Adding 'file:/home/ronald/Descargas/solr-5.3.1/contrib/clustering/lib/attributes-binder-1.2.1.jar' to classloader
19955 INFO  (coreLoadExecutor-6-thread-2) [   ] o.a.s.c.SolrResourceLoader Adding 'file:/home/ronald/Descargas/solr-5.3.1/contrib/clustering/lib/attributes-binder-1.2.1.jar' to classloader
19955 INFO  (coreLoadExecutor-6-thread-1) [   ] o.a.s.c.SolrResourceLoader Adding 'file:/home/ronald/Descargas/solr-5.3.1/contrib/clustering/lib/simple-xml-2.7.jar' to classloader
19955 INFO  (coreLoadExecutor-6-thread-3) [   ] o.a.s.c.SolrResourceLoader Adding 'file:/home/ronald/Descargas/solr-5.3.1/contrib/clustering/lib/simple-xml-2.7.jar' to classloader
19955 INFO  (coreLoadExecutor-6-thread-1) [   ] o.a.s.c.SolrResourceLoader Adding 'file:/home/ronald/Descargas/solr-5.3.1/contrib/clustering/lib/jackson-core-asl-1.9.13.jar' to classloader
19955 INFO  (coreLoadExecutor-6-thread-2) [   ] o.a.s.c.SolrResourceLoader Adding 'file:/home/ronald/Descargas/solr-5.3.1/contrib/clustering/lib/simple-xml-2.7.jar' to classloader
19955 INFO  (coreLoadExecutor-6-thread-1) [   ] o.a.s.c.SolrResourceLoader Adding 'file:/home/ronald/Descargas/solr-5.3.1/contrib/clustering/lib/mahout-collections-1.0.jar' to classloader
19955 INFO  (coreLoadExecutor-6-thread-3) [   ] o.a.s.c.SolrResourceLoader Adding 'file:/home/ronald/Descargas/solr-5.3.1/contrib/clustering/lib/jackson-core-asl-1.9.13.jar' to classloader
19955 INFO  (coreLoadExecutor-6-thread-1) [   ] o.a.s.c.SolrResourceLoader Adding 'file:/home/ronald/Descargas/solr-5.3.1/contrib/clustering/lib/jackson-mapper-asl-1.9.13.jar' to classloader
19955 INFO  (coreLoadExecutor-6-thread-2) [   ] o.a.s.c.SolrResourceLoader Adding 'file:/home/ronald/Descargas/solr-5.3.1/contrib/clustering/lib/jackson-core-asl-1.9.13.jar' to classloader
19955 INFO  (coreLoadExecutor-6-thread-1) [   ] o.a.s.c.SolrResourceLoader Adding 'file:/home/ronald/Descargas/solr-5.3.1/contrib/clustering/lib/mahout-math-0.6.jar' to classloader
19955 INFO  (coreLoadExecutor-6-thread-3) [   ] o.a.s.c.SolrResourceLoader Adding 'file:/home/ronald/Descargas/solr-5.3.1/contrib/clustering/lib/mahout-collections-1.0.jar' to classloader
19956 INFO  (coreLoadExecutor-6-thread-1) [   ] o.a.s.c.SolrResourceLoader Adding 'file:/home/ronald/Descargas/solr-5.3.1/contrib/clustering/lib/hppc-0.5.2.jar' to classloader
19955 INFO  (coreLoadExecutor-6-thread-2) [   ] o.a.s.c.SolrResourceLoader Adding 'file:/home/ronald/Descargas/solr-5.3.1/contrib/clustering/lib/mahout-collections-1.0.jar' to classloader
19956 INFO  (coreLoadExecutor-6-thread-2) [   ] o.a.s.c.SolrResourceLoader Adding 'file:/home/ronald/Descargas/solr-5.3.1/contrib/clustering/lib/jackson-mapper-asl-1.9.13.jar' to classloader
19956 INFO  (coreLoadExecutor-6-thread-2) [   ] o.a.s.c.SolrResourceLoader Adding 'file:/home/ronald/Descargas/solr-5.3.1/contrib/clustering/lib/mahout-math-0.6.jar' to classloader
19956 INFO  (coreLoadExecutor-6-thread-2) [   ] o.a.s.c.SolrResourceLoader Adding 'file:/home/ronald/Descargas/solr-5.3.1/contrib/clustering/lib/hppc-0.5.2.jar' to classloader
19956 INFO  (coreLoadExecutor-6-thread-2) [   ] o.a.s.c.SolrResourceLoader Adding 'file:/home/ronald/Descargas/solr-5.3.1/contrib/clustering/lib/carrot2-mini-3.9.0.jar' to classloader
19956 INFO  (coreLoadExecutor-6-thread-2) [   ] o.a.s.c.SolrResourceLoader Adding 'file:/home/ronald/Descargas/solr-5.3.1/dist/solr-clustering-5.3.1.jar' to classloader
19956 INFO  (coreLoadExecutor-6-thread-1) [   ] o.a.s.c.SolrResourceLoader Adding 'file:/home/ronald/Descargas/solr-5.3.1/contrib/clustering/lib/carrot2-mini-3.9.0.jar' to classloader
19956 INFO  (coreLoadExecutor-6-thread-3) [   ] o.a.s.c.SolrResourceLoader Adding 'file:/home/ronald/Descargas/solr-5.3.1/contrib/clustering/lib/jackson-mapper-asl-1.9.13.jar' to classloader
19960 INFO  (coreLoadExecutor-6-thread-3) [   ] o.a.s.c.SolrResourceLoader Adding 'file:/home/ronald/Descargas/solr-5.3.1/contrib/clustering/lib/mahout-math-0.6.jar' to classloader
19960 INFO  (coreLoadExecutor-6-thread-3) [   ] o.a.s.c.SolrResourceLoader Adding 'file:/home/ronald/Descargas/solr-5.3.1/contrib/clustering/lib/hppc-0.5.2.jar' to classloader
19960 INFO  (coreLoadExecutor-6-thread-1) [   ] o.a.s.c.SolrResourceLoader Adding 'file:/home/ronald/Descargas/solr-5.3.1/dist/solr-clustering-5.3.1.jar' to classloader
19960 INFO  (coreLoadExecutor-6-thread-3) [   ] o.a.s.c.SolrResourceLoader Adding 'file:/home/ronald/Descargas/solr-5.3.1/contrib/clustering/lib/carrot2-mini-3.9.0.jar' to classloader
19961 INFO  (coreLoadExecutor-6-thread-3) [   ] o.a.s.c.SolrResourceLoader Adding 'file:/home/ronald/Descargas/solr-5.3.1/dist/solr-clustering-5.3.1.jar' to classloader
20004 INFO  (coreLoadExecutor-6-thread-3) [   ] o.a.s.c.SolrResourceLoader Adding 'file:/home/ronald/Descargas/solr-5.3.1/contrib/langid/lib/langdetect-1.1-20120112.jar' to classloader
20004 INFO  (coreLoadExecutor-6-thread-1) [   ] o.a.s.c.SolrResourceLoader Adding 'file:/home/ronald/Descargas/solr-5.3.1/contrib/langid/lib/langdetect-1.1-20120112.jar' to classloader
20004 INFO  (coreLoadExecutor-6-thread-2) [   ] o.a.s.c.SolrResourceLoader Adding 'file:/home/ronald/Descargas/solr-5.3.1/contrib/langid/lib/langdetect-1.1-20120112.jar' to classloader
20005 INFO  (coreLoadExecutor-6-thread-1) [   ] o.a.s.c.SolrResourceLoader Adding 'file:/home/ronald/Descargas/solr-5.3.1/contrib/langid/lib/jsonic-1.2.7.jar' to classloader
20004 INFO  (coreLoadExecutor-6-thread-3) [   ] o.a.s.c.SolrResourceLoader Adding 'file:/home/ronald/Descargas/solr-5.3.1/contrib/langid/lib/jsonic-1.2.7.jar' to classloader
20005 INFO  (coreLoadExecutor-6-thread-2) [   ] o.a.s.c.SolrResourceLoader Adding 'file:/home/ronald/Descargas/solr-5.3.1/contrib/langid/lib/jsonic-1.2.7.jar' to classloader
20005 INFO  (coreLoadExecutor-6-thread-1) [   ] o.a.s.c.SolrResourceLoader Adding 'file:/home/ronald/Descargas/solr-5.3.1/dist/solr-langid-5.3.1.jar' to classloader
20005 INFO  (coreLoadExecutor-6-thread-3) [   ] o.a.s.c.SolrResourceLoader Adding 'file:/home/ronald/Descargas/solr-5.3.1/dist/solr-langid-5.3.1.jar' to classloader
20005 INFO  (coreLoadExecutor-6-thread-2) [   ] o.a.s.c.SolrResourceLoader Adding 'file:/home/ronald/Descargas/solr-5.3.1/dist/solr-langid-5.3.1.jar' to classloader
20032 INFO  (coreLoadExecutor-6-thread-1) [   ] o.a.s.c.SolrResourceLoader Adding 'file:/home/ronald/Descargas/solr-5.3.1/contrib/velocity/lib/commons-collections-3.2.1.jar' to classloader
20032 INFO  (coreLoadExecutor-6-thread-3) [   ] o.a.s.c.SolrResourceLoader Adding 'file:/home/ronald/Descargas/solr-5.3.1/contrib/velocity/lib/commons-collections-3.2.1.jar' to classloader
20032 INFO  (coreLoadExecutor-6-thread-2) [   ] o.a.s.c.SolrResourceLoader Adding 'file:/home/ronald/Descargas/solr-5.3.1/contrib/velocity/lib/commons-collections-3.2.1.jar' to classloader
20033 INFO  (coreLoadExecutor-6-thread-3) [   ] o.a.s.c.SolrResourceLoader Adding 'file:/home/ronald/Descargas/solr-5.3.1/contrib/velocity/lib/velocity-1.7.jar' to classloader
20033 INFO  (coreLoadExecutor-6-thread-1) [   ] o.a.s.c.SolrResourceLoader Adding 'file:/home/ronald/Descargas/solr-5.3.1/contrib/velocity/lib/velocity-1.7.jar' to classloader
20033 INFO  (coreLoadExecutor-6-thread-3) [   ] o.a.s.c.SolrResourceLoader Adding 'file:/home/ronald/Descargas/solr-5.3.1/contrib/velocity/lib/commons-beanutils-1.8.3.jar' to classloader
20033 INFO  (coreLoadExecutor-6-thread-2) [   ] o.a.s.c.SolrResourceLoader Adding 'file:/home/ronald/Descargas/solr-5.3.1/contrib/velocity/lib/velocity-1.7.jar' to classloader
20033 INFO  (coreLoadExecutor-6-thread-3) [   ] o.a.s.c.SolrResourceLoader Adding 'file:/home/ronald/Descargas/solr-5.3.1/contrib/velocity/lib/velocity-tools-2.0.jar' to classloader
20033 INFO  (coreLoadExecutor-6-thread-1) [   ] o.a.s.c.SolrResourceLoader Adding 'file:/home/ronald/Descargas/solr-5.3.1/contrib/velocity/lib/commons-beanutils-1.8.3.jar' to classloader
20033 INFO  (coreLoadExecutor-6-thread-2) [   ] o.a.s.c.SolrResourceLoader Adding 'file:/home/ronald/Descargas/solr-5.3.1/contrib/velocity/lib/commons-beanutils-1.8.3.jar' to classloader
20033 INFO  (coreLoadExecutor-6-thread-1) [   ] o.a.s.c.SolrResourceLoader Adding 'file:/home/ronald/Descargas/solr-5.3.1/contrib/velocity/lib/velocity-tools-2.0.jar' to classloader
20033 INFO  (coreLoadExecutor-6-thread-2) [   ] o.a.s.c.SolrResourceLoader Adding 'file:/home/ronald/Descargas/solr-5.3.1/contrib/velocity/lib/velocity-tools-2.0.jar' to classloader
20033 INFO  (coreLoadExecutor-6-thread-3) [   ] o.a.s.c.SolrResourceLoader Adding 'file:/home/ronald/Descargas/solr-5.3.1/dist/solr-velocity-5.3.1.jar' to classloader
20034 INFO  (coreLoadExecutor-6-thread-1) [   ] o.a.s.c.SolrResourceLoader Adding 'file:/home/ronald/Descargas/solr-5.3.1/dist/solr-velocity-5.3.1.jar' to classloader
20034 INFO  (coreLoadExecutor-6-thread-2) [   ] o.a.s.c.SolrResourceLoader Adding 'file:/home/ronald/Descargas/solr-5.3.1/dist/solr-velocity-5.3.1.jar' to classloader
20067 INFO  (coreLoadExecutor-6-thread-2) [   ] o.a.s.c.SolrResourceLoader Adding 'file:/home/ronald/Descargas/solr-5.3.1/contrib/dataimporthandler/lib/mysql-connector-java-5.0.8-bin.jar' to classloader
20067 INFO  (coreLoadExecutor-6-thread-1) [   ] o.a.s.c.SolrResourceLoader Adding 'file:/home/ronald/Descargas/solr-5.3.1/contrib/dataimporthandler/lib/mysql-connector-java-5.0.8-bin.jar' to classloader
20068 INFO  (coreLoadExecutor-6-thread-2) [   ] o.a.s.c.SolrResourceLoader Adding 'file:/home/ronald/Descargas/solr-5.3.1/dist/solr-dataimporthandler-extras-5.3.1.jar' to classloader
20068 INFO  (coreLoadExecutor-6-thread-1) [   ] o.a.s.c.SolrResourceLoader Adding 'file:/home/ronald/Descargas/solr-5.3.1/dist/solr-dataimporthandler-extras-5.3.1.jar' to classloader
20068 INFO  (coreLoadExecutor-6-thread-2) [   ] o.a.s.c.SolrResourceLoader Adding 'file:/home/ronald/Descargas/solr-5.3.1/dist/solr-dataimporthandler-5.3.1.jar' to classloader
20068 INFO  (coreLoadExecutor-6-thread-1) [   ] o.a.s.c.SolrResourceLoader Adding 'file:/home/ronald/Descargas/solr-5.3.1/dist/solr-dataimporthandler-5.3.1.jar' to classloader
23840 INFO  (coreLoadExecutor-6-thread-2) [   ] o.a.s.c.SolrConfig Using Lucene MatchVersion: 5.3.1
23840 INFO  (coreLoadExecutor-6-thread-1) [   ] o.a.s.c.SolrConfig Using Lucene MatchVersion: 5.3.1
23840 INFO  (coreLoadExecutor-6-thread-3) [   ] o.a.s.c.SolrConfig Using Lucene MatchVersion: 5.3.1
24348 INFO  (coreLoadExecutor-6-thread-1) [   ] o.a.s.c.Config Loaded SolrConfig: solrconfig.xml
24348 INFO  (coreLoadExecutor-6-thread-2) [   ] o.a.s.c.Config Loaded SolrConfig: solrconfig.xml
24348 INFO  (coreLoadExecutor-6-thread-3) [   ] o.a.s.c.Config Loaded SolrConfig: solrconfig.xml
24607 INFO  (coreLoadExecutor-6-thread-1) [   ] o.a.s.s.IndexSchema Reading Solr Schema from /home/ronald/Descargas/solr-5.3.1/server/solr/avisos/conf/managed-schema
24607 INFO  (coreLoadExecutor-6-thread-2) [   ] o.a.s.s.IndexSchema Reading Solr Schema from /home/ronald/Descargas/solr-5.3.1/server/solr/tipo_valor/conf/managed-schema
24607 INFO  (coreLoadExecutor-6-thread-3) [   ] o.a.s.s.IndexSchema Reading Solr Schema from /home/ronald/Descargas/solr-5.3.1/server/solr/token/conf/managed-schema
24745 INFO  (coreLoadExecutor-6-thread-2) [   ] o.a.s.s.IndexSchema [tipo_valor] Schema name=example-data-driven-schema
24759 INFO  (coreLoadExecutor-6-thread-3) [   ] o.a.s.s.IndexSchema [token] Schema name=example-data-driven-schema
24770 INFO  (coreLoadExecutor-6-thread-1) [   ] o.a.s.s.IndexSchema [avisos] Schema name=example-data-driven-schema
25919 INFO  (coreLoadExecutor-6-thread-2) [   ] o.a.s.s.IndexSchema query parser default operator is OR
25920 INFO  (coreLoadExecutor-6-thread-2) [   ] o.a.s.s.IndexSchema unique key field: id
25925 INFO  (coreLoadExecutor-6-thread-3) [   ] o.a.s.s.IndexSchema unique key field: id
25925 INFO  (coreLoadExecutor-6-thread-1) [   ] o.a.s.s.IndexSchema query parser default operator is OR
25925 INFO  (coreLoadExecutor-6-thread-1) [   ] o.a.s.s.IndexSchema unique key field: id
26323 INFO  (coreLoadExecutor-6-thread-1) [   ] o.a.s.s.FileExchangeRateProvider Reloading exchange rates from file currency.xml
26329 INFO  (coreLoadExecutor-6-thread-1) [   ] o.a.s.s.FileExchangeRateProvider Reloading exchange rates from file currency.xml
26333 INFO  (coreLoadExecutor-6-thread-3) [   ] o.a.s.s.FileExchangeRateProvider Reloading exchange rates from file currency.xml
26341 INFO  (coreLoadExecutor-6-thread-3) [   ] o.a.s.s.FileExchangeRateProvider Reloading exchange rates from file currency.xml
26345 INFO  (coreLoadExecutor-6-thread-1) [   ] o.a.s.c.ConfigSetProperties Did not find ConfigSet properties, assuming default properties: Can't find resource 'configsetprops.json' in classpath or '/home/ronald/Descargas/solr-5.3.1/server/solr/avisos/conf'
26345 INFO  (coreLoadExecutor-6-thread-1) [   ] o.a.s.c.CoreContainer Creating SolrCore 'avisos' using configuration from instancedir /home/ronald/Descargas/solr-5.3.1/server/solr/avisos/
26346 INFO  (coreLoadExecutor-6-thread-1) [   x:avisos] o.a.s.c.SolrCore solr.NRTCachingDirectoryFactory
26400 INFO  (coreLoadExecutor-6-thread-3) [   ] o.a.s.c.ConfigSetProperties Did not find ConfigSet properties, assuming default properties: Can't find resource 'configsetprops.json' in classpath or '/home/ronald/Descargas/solr-5.3.1/server/solr/token/conf'
26401 INFO  (coreLoadExecutor-6-thread-3) [   ] o.a.s.c.CoreContainer Creating SolrCore 'token' using configuration from instancedir /home/ronald/Descargas/solr-5.3.1/server/solr/token/
26401 INFO  (coreLoadExecutor-6-thread-3) [   x:token] o.a.s.c.SolrCore solr.NRTCachingDirectoryFactory
26401 INFO  (coreLoadExecutor-6-thread-3) [   x:token] o.a.s.c.SolrCore [[token] ] Opening new SolrCore at [/home/ronald/Descargas/solr-5.3.1/server/solr/token/], dataDir=[null]
26401 INFO  (coreLoadExecutor-6-thread-1) [   x:avisos] o.a.s.c.SolrCore [[avisos] ] Opening new SolrCore at [/home/ronald/Descargas/solr-5.3.1/server/solr/avisos/], dataDir=[null]
26511 INFO  (coreLoadExecutor-6-thread-3) [   x:token] o.a.s.c.JmxMonitoredMap No JMX servers found, not exposing Solr information with JMX.
26512 INFO  (coreLoadExecutor-6-thread-1) [   x:avisos] o.a.s.c.JmxMonitoredMap No JMX servers found, not exposing Solr information with JMX.
26540 INFO  (coreLoadExecutor-6-thread-1) [   x:avisos] o.a.s.c.SolrCore [[avisos] ] Added SolrEventListener for newSearcher: [org.apache.solr.core.QuerySenderListener{queries=[]}]
26540 INFO  (coreLoadExecutor-6-thread-3) [   x:token] o.a.s.c.SolrCore [[token] ] Added SolrEventListener for newSearcher: [org.apache.solr.core.QuerySenderListener{queries=[]}]
26540 INFO  (coreLoadExecutor-6-thread-1) [   x:avisos] o.a.s.c.SolrCore [[avisos] ] Added SolrEventListener for firstSearcher: [org.apache.solr.core.QuerySenderListener{queries=[]}]
26540 INFO  (coreLoadExecutor-6-thread-3) [   x:token] o.a.s.c.SolrCore [[token] ] Added SolrEventListener for firstSearcher: [org.apache.solr.core.QuerySenderListener{queries=[]}]
26577 INFO  (coreLoadExecutor-6-thread-2) [   ] o.a.s.s.FileExchangeRateProvider Reloading exchange rates from file currency.xml
26672 INFO  (coreLoadExecutor-6-thread-2) [   ] o.a.s.s.FileExchangeRateProvider Reloading exchange rates from file currency.xml
26726 INFO  (coreLoadExecutor-6-thread-1) [   x:avisos] o.a.s.c.CachingDirectoryFactory return new directory for /home/ronald/Descargas/solr-5.3.1/server/solr/avisos/data
26726 INFO  (coreLoadExecutor-6-thread-2) [   ] o.a.s.c.ConfigSetProperties Did not find ConfigSet properties, assuming default properties: Can't find resource 'configsetprops.json' in classpath or '/home/ronald/Descargas/solr-5.3.1/server/solr/tipo_valor/conf'
26726 INFO  (coreLoadExecutor-6-thread-3) [   x:token] o.a.s.c.CachingDirectoryFactory return new directory for /home/ronald/Descargas/solr-5.3.1/server/solr/token/data
26726 INFO  (coreLoadExecutor-6-thread-2) [   ] o.a.s.c.CoreContainer Creating SolrCore 'tipo_valor' using configuration from instancedir /home/ronald/Descargas/solr-5.3.1/server/solr/tipo_valor/
26726 INFO  (coreLoadExecutor-6-thread-2) [   x:tipo_valor] o.a.s.c.SolrCore solr.NRTCachingDirectoryFactory
26726 INFO  (coreLoadExecutor-6-thread-2) [   x:tipo_valor] o.a.s.c.SolrCore [[tipo_valor] ] Opening new SolrCore at [/home/ronald/Descargas/solr-5.3.1/server/solr/tipo_valor/], dataDir=[null]
26726 INFO  (coreLoadExecutor-6-thread-2) [   x:tipo_valor] o.a.s.c.JmxMonitoredMap No JMX servers found, not exposing Solr information with JMX.
26727 INFO  (coreLoadExecutor-6-thread-2) [   x:tipo_valor] o.a.s.c.SolrCore [[tipo_valor] ] Added SolrEventListener for newSearcher: [org.apache.solr.core.QuerySenderListener{queries=[]}]
26727 INFO  (coreLoadExecutor-6-thread-2) [   x:tipo_valor] o.a.s.c.SolrCore [[tipo_valor] ] Added SolrEventListener for firstSearcher: [org.apache.solr.core.QuerySenderListener{queries=[]}]
26727 INFO  (coreLoadExecutor-6-thread-2) [   x:tipo_valor] o.a.s.c.CachingDirectoryFactory return new directory for /home/ronald/Descargas/solr-5.3.1/server/solr/tipo_valor/data
26741 INFO  (coreLoadExecutor-6-thread-1) [   x:avisos] o.a.s.c.SolrCore New index directory detected: old=null new=/home/ronald/Descargas/solr-5.3.1/server/solr/avisos/data/index/
26746 INFO  (coreLoadExecutor-6-thread-3) [   x:token] o.a.s.c.SolrCore New index directory detected: old=null new=/home/ronald/Descargas/solr-5.3.1/server/solr/token/data/index/
26747 INFO  (coreLoadExecutor-6-thread-3) [   x:token] o.a.s.c.CachingDirectoryFactory return new directory for /home/ronald/Descargas/solr-5.3.1/server/solr/token/data/index
26782 INFO  (coreLoadExecutor-6-thread-1) [   x:avisos] o.a.s.c.CachingDirectoryFactory return new directory for /home/ronald/Descargas/solr-5.3.1/server/solr/avisos/data/index
26793 INFO  (OldIndexDirectoryCleanupThreadForCore-avisos) [   x:avisos] o.a.s.c.SolrCore Looking for old index directories to cleanup for core avisos in /home/ronald/Descargas/solr-5.3.1/server/solr/avisos/data/
26794 INFO  (coreLoadExecutor-6-thread-1) [   x:avisos] o.a.s.c.PluginBag queryResponseWriter : 'velocity' created with startup=lazy 
26805 INFO  (coreLoadExecutor-6-thread-2) [   x:tipo_valor] o.a.s.c.SolrCore New index directory detected: old=null new=/home/ronald/Descargas/solr-5.3.1/server/solr/tipo_valor/data/index/
26810 INFO  (coreLoadExecutor-6-thread-2) [   x:tipo_valor] o.a.s.c.CachingDirectoryFactory return new directory for /home/ronald/Descargas/solr-5.3.1/server/solr/tipo_valor/data/index
26811 INFO  (OldIndexDirectoryCleanupThreadForCore-tipo_valor) [   x:tipo_valor] o.a.s.c.SolrCore Looking for old index directories to cleanup for core tipo_valor in /home/ronald/Descargas/solr-5.3.1/server/solr/tipo_valor/data/
26851 INFO  (coreLoadExecutor-6-thread-2) [   x:tipo_valor] o.a.s.c.PluginBag queryResponseWriter : 'velocity' created with startup=lazy 
26852 INFO  (coreLoadExecutor-6-thread-1) [   x:avisos] o.a.s.r.XSLTResponseWriter xsltCacheLifetimeSeconds=5
26852 INFO  (OldIndexDirectoryCleanupThreadForCore-token) [   x:token] o.a.s.c.SolrCore Looking for old index directories to cleanup for core token in /home/ronald/Descargas/solr-5.3.1/server/solr/token/data/
26852 INFO  (coreLoadExecutor-6-thread-3) [   x:token] o.a.s.c.PluginBag queryResponseWriter : 'velocity' created with startup=lazy 
26852 INFO  (coreLoadExecutor-6-thread-2) [   x:tipo_valor] o.a.s.r.XSLTResponseWriter xsltCacheLifetimeSeconds=5
26852 INFO  (coreLoadExecutor-6-thread-3) [   x:token] o.a.s.r.XSLTResponseWriter xsltCacheLifetimeSeconds=5
27290 INFO  (coreLoadExecutor-6-thread-2) [   x:tipo_valor] o.a.s.u.p.UpdateRequestProcessorChain creating updateRequestProcessorChain "add-unknown-fields-to-the-schema"
27290 INFO  (coreLoadExecutor-6-thread-1) [   x:avisos] o.a.s.u.p.UpdateRequestProcessorChain creating updateRequestProcessorChain "add-unknown-fields-to-the-schema"
27354 INFO  (coreLoadExecutor-6-thread-3) [   x:token] o.a.s.u.p.UpdateRequestProcessorChain creating updateRequestProcessorChain "add-unknown-fields-to-the-schema"
27679 INFO  (coreLoadExecutor-6-thread-1) [   x:avisos] o.a.s.c.SolrCore no updateRequestProcessorChain defined as default, creating implicit default
27679 INFO  (coreLoadExecutor-6-thread-2) [   x:tipo_valor] o.a.s.c.SolrCore no updateRequestProcessorChain defined as default, creating implicit default
27680 INFO  (coreLoadExecutor-6-thread-3) [   x:token] o.a.s.c.SolrCore no updateRequestProcessorChain defined as default, creating implicit default
28013 INFO  (coreLoadExecutor-6-thread-3) [   x:token] o.a.s.h.l.XMLLoader xsltCacheLifetimeSeconds=60
28013 INFO  (coreLoadExecutor-6-thread-1) [   x:avisos] o.a.s.h.l.XMLLoader xsltCacheLifetimeSeconds=60
28013 INFO  (coreLoadExecutor-6-thread-2) [   x:tipo_valor] o.a.s.h.l.XMLLoader xsltCacheLifetimeSeconds=60
28015 INFO  (coreLoadExecutor-6-thread-2) [   x:tipo_valor] o.a.s.h.l.XMLLoader xsltCacheLifetimeSeconds=60
28015 INFO  (coreLoadExecutor-6-thread-3) [   x:token] o.a.s.h.l.XMLLoader xsltCacheLifetimeSeconds=60
28015 INFO  (coreLoadExecutor-6-thread-1) [   x:avisos] o.a.s.h.l.XMLLoader xsltCacheLifetimeSeconds=60
28015 INFO  (coreLoadExecutor-6-thread-2) [   x:tipo_valor] o.a.s.h.l.XMLLoader xsltCacheLifetimeSeconds=60
28015 INFO  (coreLoadExecutor-6-thread-3) [   x:token] o.a.s.h.l.XMLLoader xsltCacheLifetimeSeconds=60
28015 INFO  (coreLoadExecutor-6-thread-1) [   x:avisos] o.a.s.h.l.XMLLoader xsltCacheLifetimeSeconds=60
28016 INFO  (coreLoadExecutor-6-thread-2) [   x:tipo_valor] o.a.s.h.l.XMLLoader xsltCacheLifetimeSeconds=60
28016 INFO  (coreLoadExecutor-6-thread-3) [   x:token] o.a.s.h.l.XMLLoader xsltCacheLifetimeSeconds=60
28016 INFO  (coreLoadExecutor-6-thread-1) [   x:avisos] o.a.s.h.l.XMLLoader xsltCacheLifetimeSeconds=60
28028 INFO  (coreLoadExecutor-6-thread-3) [   x:token] o.a.s.c.PluginBag requestHandler : '/update/extract' created with startup=lazy 
28028 INFO  (coreLoadExecutor-6-thread-2) [   x:tipo_valor] o.a.s.c.PluginBag requestHandler : '/update/extract' created with startup=lazy 
28031 INFO  (coreLoadExecutor-6-thread-3) [   x:token] o.a.s.c.PluginBag requestHandler : '/analysis/field' created with startup=lazy 
28031 INFO  (coreLoadExecutor-6-thread-3) [   x:token] o.a.s.c.PluginBag requestHandler : '/analysis/document' created with startup=lazy 
28032 INFO  (coreLoadExecutor-6-thread-3) [   x:token] o.a.s.c.PluginBag requestHandler : '/spell' created with startup=lazy 
28032 INFO  (coreLoadExecutor-6-thread-3) [   x:token] o.a.s.c.PluginBag requestHandler : '/tvrh' created with startup=lazy 
28032 INFO  (coreLoadExecutor-6-thread-3) [   x:token] o.a.s.c.PluginBag requestHandler : '/terms' created with startup=lazy 
28032 INFO  (coreLoadExecutor-6-thread-3) [   x:token] o.a.s.c.PluginBag requestHandler : '/elevate' created with startup=lazy 
28032 INFO  (coreLoadExecutor-6-thread-3) [   x:token] o.a.s.c.RequestHandlers Registered paths: /admin/mbeans,/browse,/update/json/docs,/admin/luke,/export,/get,/admin/properties,/elevate,/update/json,/admin/threads,/query,/analysis/field,/analysis/document,/spell,/update/csv,/tvrh,/select,/admin/segments,/admin/system,/replication,/config,/stream,/schema,/admin/plugins,/admin/logging,/admin/ping,/update,/admin/file,/debug/dump,/terms,/update/extract
28033 INFO  (coreLoadExecutor-6-thread-3) [   x:token] o.a.s.c.SolrCore Using default statsCache cache: org.apache.solr.search.stats.LocalStatsCache
28083 INFO  (coreLoadExecutor-6-thread-3) [   x:token] o.a.s.u.UpdateHandler Using UpdateLog implementation: org.apache.solr.update.UpdateLog
28083 INFO  (coreLoadExecutor-6-thread-3) [   x:token] o.a.s.u.UpdateLog Initializing UpdateLog: dataDir= defaultSyncLevel=FLUSH numRecordsToKeep=100 maxNumLogsToKeep=10 numVersionBuckets=65536
28108 INFO  (coreLoadExecutor-6-thread-3) [   x:token] o.a.s.c.SolrCore Hard AutoCommit: if uncommited for 15000ms; 
28108 INFO  (coreLoadExecutor-6-thread-3) [   x:token] o.a.s.c.SolrCore Soft AutoCommit: disabled
28127 INFO  (coreLoadExecutor-6-thread-1) [   x:avisos] o.a.s.c.PluginBag requestHandler : '/update/extract' created with startup=lazy 
28127 INFO  (coreLoadExecutor-6-thread-2) [   x:tipo_valor] o.a.s.c.PluginBag requestHandler : '/analysis/field' created with startup=lazy 
28127 INFO  (coreLoadExecutor-6-thread-2) [   x:tipo_valor] o.a.s.c.PluginBag requestHandler : '/analysis/document' created with startup=lazy 
28127 INFO  (coreLoadExecutor-6-thread-2) [   x:tipo_valor] o.a.s.c.PluginBag requestHandler : '/spell' created with startup=lazy 
28127 INFO  (coreLoadExecutor-6-thread-2) [   x:tipo_valor] o.a.s.c.PluginBag requestHandler : '/tvrh' created with startup=lazy 
28127 INFO  (coreLoadExecutor-6-thread-1) [   x:avisos] o.a.s.c.PluginBag requestHandler : '/analysis/field' created with startup=lazy 
28127 INFO  (coreLoadExecutor-6-thread-1) [   x:avisos] o.a.s.c.PluginBag requestHandler : '/analysis/document' created with startup=lazy 
28127 INFO  (coreLoadExecutor-6-thread-2) [   x:tipo_valor] o.a.s.c.PluginBag requestHandler : '/terms' created with startup=lazy 
28128 INFO  (coreLoadExecutor-6-thread-1) [   x:avisos] o.a.s.c.PluginBag requestHandler : '/spell' created with startup=lazy 
28128 INFO  (coreLoadExecutor-6-thread-2) [   x:tipo_valor] o.a.s.c.PluginBag requestHandler : '/elevate' created with startup=lazy 
28128 INFO  (coreLoadExecutor-6-thread-1) [   x:avisos] o.a.s.c.PluginBag requestHandler : '/tvrh' created with startup=lazy 
28128 INFO  (coreLoadExecutor-6-thread-1) [   x:avisos] o.a.s.c.PluginBag requestHandler : '/terms' created with startup=lazy 
28128 INFO  (coreLoadExecutor-6-thread-1) [   x:avisos] o.a.s.c.PluginBag requestHandler : '/elevate' created with startup=lazy 
28128 INFO  (coreLoadExecutor-6-thread-2) [   x:tipo_valor] o.a.s.c.RequestHandlers Registered paths: /admin/mbeans,/browse,/update/json/docs,/admin/luke,/export,/get,/admin/properties,/elevate,/update/json,/admin/threads,/query,/analysis/field,/analysis/document,/spell,/update/csv,/tvrh,/select,/admin/segments,/admin/system,/replication,/config,/stream,/schema,/admin/plugins,/admin/logging,/admin/ping,/update,/admin/file,/debug/dump,/terms,/update/extract,/dataimport
28128 INFO  (coreLoadExecutor-6-thread-1) [   x:avisos] o.a.s.c.RequestHandlers Registered paths: /admin/mbeans,/browse,/update/json/docs,/admin/luke,/export,/get,/admin/properties,/elevate,/update/json,/admin/threads,/query,/analysis/field,/analysis/document,/spell,/update/csv,/tvrh,/select,/admin/segments,/admin/system,/replication,/config,/stream,/schema,/admin/plugins,/admin/logging,/admin/ping,/update,/admin/file,/debug/dump,/terms,/dataimport,/update/extract
28129 INFO  (coreLoadExecutor-6-thread-1) [   x:avisos] o.a.s.c.SolrCore Using default statsCache cache: org.apache.solr.search.stats.LocalStatsCache
28129 INFO  (coreLoadExecutor-6-thread-2) [   x:tipo_valor] o.a.s.c.SolrCore Using default statsCache cache: org.apache.solr.search.stats.LocalStatsCache
28130 INFO  (coreLoadExecutor-6-thread-1) [   x:avisos] o.a.s.u.UpdateHandler Using UpdateLog implementation: org.apache.solr.update.UpdateLog
28130 INFO  (coreLoadExecutor-6-thread-1) [   x:avisos] o.a.s.u.UpdateLog Initializing UpdateLog: dataDir= defaultSyncLevel=FLUSH numRecordsToKeep=100 maxNumLogsToKeep=10 numVersionBuckets=65536
28130 INFO  (coreLoadExecutor-6-thread-2) [   x:tipo_valor] o.a.s.u.UpdateHandler Using UpdateLog implementation: org.apache.solr.update.UpdateLog
28132 INFO  (coreLoadExecutor-6-thread-2) [   x:tipo_valor] o.a.s.u.UpdateLog Initializing UpdateLog: dataDir= defaultSyncLevel=FLUSH numRecordsToKeep=100 maxNumLogsToKeep=10 numVersionBuckets=65536
28271 INFO  (coreLoadExecutor-6-thread-3) [   x:token] o.a.s.c.SolrCore SolrDeletionPolicy.onInit: commits: num=1
	commit{dir=NRTCachingDirectory(MMapDirectory@/home/ronald/Descargas/solr-5.3.1/server/solr/token/data/index lockFactory=org.apache.lucene.store.NativeFSLockFactory@6b960c50; maxCacheMB=48.0 maxMergeSizeMB=4.0),segFN=segments_1,generation=1}
28271 INFO  (coreLoadExecutor-6-thread-3) [   x:token] o.a.s.c.SolrCore newest commit generation = 1
28311 INFO  (coreLoadExecutor-6-thread-3) [   x:token] o.a.s.s.SolrIndexSearcher Opening Searcher@5c0409c8[token] main
28367 INFO  (coreLoadExecutor-6-thread-3) [   x:token] o.a.s.r.ManagedResourceStorage File-based storage initialized to use dir: /home/ronald/Descargas/solr-5.3.1/server/solr/token/conf
28367 INFO  (coreLoadExecutor-6-thread-3) [   x:token] o.a.s.r.RestManager Initializing RestManager with initArgs: {storageDir=/home/ronald/Descargas/solr-5.3.1/server/solr/token/conf}
28402 INFO  (coreLoadExecutor-6-thread-3) [   x:token] o.a.s.r.ManagedResourceStorage Reading _rest_managed.json using file:dir=/home/ronald/Descargas/solr-5.3.1/server/solr/token/conf
28402 INFO  (coreLoadExecutor-6-thread-3) [   x:token] o.a.s.r.RestManager Initializing 0 registered ManagedResources
28429 INFO  (coreLoadExecutor-6-thread-3) [   x:token] o.a.s.h.c.SpellCheckComponent Initializing spell checkers
28450 INFO  (coreLoadExecutor-6-thread-3) [   x:token] o.a.s.s.DirectSolrSpellChecker init: {name=default,field=text,classname=solr.DirectSolrSpellChecker,distanceMeasure=internal,accuracy=0.5,maxEdits=2,minPrefix=1,maxInspections=5,minQueryLength=4,maxQueryFrequency=0.01}
28454 INFO  (coreLoadExecutor-6-thread-3) [   x:token] o.a.s.h.c.SpellCheckComponent No queryConverter defined, using default converter
28455 INFO  (coreLoadExecutor-6-thread-3) [   x:token] o.a.s.h.c.QueryElevationComponent Loading QueryElevation from: /home/ronald/Descargas/solr-5.3.1/server/solr/token/conf/elevate.xml
28491 INFO  (coreLoadExecutor-6-thread-3) [   x:token] o.a.s.h.ReplicationHandler Commits will be reserved for  10000
28494 INFO  (coreLoadExecutor-6-thread-3) [   x:token] o.a.s.u.UpdateLog Looking up max value of version field to seed version buckets
28495 INFO  (searcherExecutor-8-thread-1-processing-x:token) [   x:token] o.a.s.c.SolrCore QuerySenderListener sending requests to Searcher@5c0409c8[token] main{ExitableDirectoryReader(UninvertingDirectoryReader())}
28495 INFO  (coreLoadExecutor-6-thread-3) [   x:token] o.a.s.u.VersionInfo Refreshing highest value of _version_ for 65536 version buckets from index
28495 INFO  (searcherExecutor-8-thread-1-processing-x:token) [   x:token] o.a.s.c.SolrCore QuerySenderListener done.
28495 INFO  (coreLoadExecutor-6-thread-3) [   x:token] o.a.s.u.VersionInfo No terms found for _version_, cannot seed version bucket highest value from index
28495 INFO  (searcherExecutor-8-thread-1-processing-x:token) [   x:token] o.a.s.h.c.SpellCheckComponent Loading spell index for spellchecker: default
28495 INFO  (coreLoadExecutor-6-thread-3) [   x:token] o.a.s.u.UpdateLog Could not find max version in index or recent updates, using new clock 1521903412436795392
28495 INFO  (searcherExecutor-8-thread-1-processing-x:token) [   x:token] o.a.s.h.c.SpellCheckComponent Loading spell index for spellchecker: wordbreak
28495 INFO  (searcherExecutor-8-thread-1-processing-x:token) [   x:token] o.a.s.c.SolrCore [token] Registered new searcher Searcher@5c0409c8[token] main{ExitableDirectoryReader(UninvertingDirectoryReader())}
28498 INFO  (coreLoadExecutor-6-thread-3) [   x:token] o.a.s.u.UpdateLog Took 3 ms to seed version buckets with highest version 1521903412436795392
28498 INFO  (coreLoadExecutor-6-thread-3) [   x:token] o.a.s.c.CoreContainer registering core: token
28824 INFO  (coreLoadExecutor-6-thread-1) [   x:avisos] o.a.s.c.SolrCore Hard AutoCommit: if uncommited for 15000ms; 
28824 INFO  (coreLoadExecutor-6-thread-1) [   x:avisos] o.a.s.c.SolrCore Soft AutoCommit: disabled
28838 INFO  (coreLoadExecutor-6-thread-2) [   x:tipo_valor] o.a.s.c.SolrCore Hard AutoCommit: if uncommited for 15000ms; 
28838 INFO  (coreLoadExecutor-6-thread-2) [   x:tipo_valor] o.a.s.c.SolrCore Soft AutoCommit: disabled
28929 INFO  (coreLoadExecutor-6-thread-1) [   x:avisos] o.a.s.c.SolrCore SolrDeletionPolicy.onInit: commits: num=1
	commit{dir=NRTCachingDirectory(MMapDirectory@/home/ronald/Descargas/solr-5.3.1/server/solr/avisos/data/index lockFactory=org.apache.lucene.store.NativeFSLockFactory@6b960c50; maxCacheMB=48.0 maxMergeSizeMB=4.0),segFN=segments_jc,generation=696}
28929 INFO  (coreLoadExecutor-6-thread-1) [   x:avisos] o.a.s.c.SolrCore newest commit generation = 696
29326 INFO  (coreLoadExecutor-6-thread-2) [   x:tipo_valor] o.a.s.c.SolrCore SolrDeletionPolicy.onInit: commits: num=1
	commit{dir=NRTCachingDirectory(MMapDirectory@/home/ronald/Descargas/solr-5.3.1/server/solr/tipo_valor/data/index lockFactory=org.apache.lucene.store.NativeFSLockFactory@6b960c50; maxCacheMB=48.0 maxMergeSizeMB=4.0),segFN=segments_6,generation=6}
29326 INFO  (coreLoadExecutor-6-thread-2) [   x:tipo_valor] o.a.s.c.SolrCore newest commit generation = 6
29465 INFO  (coreLoadExecutor-6-thread-1) [   x:avisos] o.a.s.s.SolrIndexSearcher Opening Searcher@3f6e6f17[avisos] main
29472 INFO  (coreLoadExecutor-6-thread-1) [   x:avisos] o.a.s.r.ManagedResourceStorage File-based storage initialized to use dir: /home/ronald/Descargas/solr-5.3.1/server/solr/avisos/conf
29472 INFO  (coreLoadExecutor-6-thread-1) [   x:avisos] o.a.s.r.RestManager Initializing RestManager with initArgs: {storageDir=/home/ronald/Descargas/solr-5.3.1/server/solr/avisos/conf}
29473 INFO  (coreLoadExecutor-6-thread-1) [   x:avisos] o.a.s.r.ManagedResourceStorage Reading _rest_managed.json using file:dir=/home/ronald/Descargas/solr-5.3.1/server/solr/avisos/conf
29473 INFO  (coreLoadExecutor-6-thread-2) [   x:tipo_valor] o.a.s.s.SolrIndexSearcher Opening Searcher@627dc3b3[tipo_valor] main
29473 INFO  (coreLoadExecutor-6-thread-1) [   x:avisos] o.a.s.r.RestManager Initializing 0 registered ManagedResources
29473 INFO  (coreLoadExecutor-6-thread-1) [   x:avisos] o.a.s.h.c.SpellCheckComponent Initializing spell checkers
29473 INFO  (coreLoadExecutor-6-thread-1) [   x:avisos] o.a.s.s.DirectSolrSpellChecker init: {name=default,field=text,classname=solr.DirectSolrSpellChecker,distanceMeasure=internal,accuracy=0.5,maxEdits=2,minPrefix=1,maxInspections=5,minQueryLength=4,maxQueryFrequency=0.01}
29473 INFO  (coreLoadExecutor-6-thread-2) [   x:tipo_valor] o.a.s.r.ManagedResourceStorage File-based storage initialized to use dir: /home/ronald/Descargas/solr-5.3.1/server/solr/tipo_valor/conf
29473 INFO  (coreLoadExecutor-6-thread-2) [   x:tipo_valor] o.a.s.r.RestManager Initializing RestManager with initArgs: {storageDir=/home/ronald/Descargas/solr-5.3.1/server/solr/tipo_valor/conf}
29473 INFO  (coreLoadExecutor-6-thread-2) [   x:tipo_valor] o.a.s.r.ManagedResourceStorage Reading _rest_managed.json using file:dir=/home/ronald/Descargas/solr-5.3.1/server/solr/tipo_valor/conf
29473 INFO  (coreLoadExecutor-6-thread-1) [   x:avisos] o.a.s.h.c.SpellCheckComponent No queryConverter defined, using default converter
29473 INFO  (coreLoadExecutor-6-thread-2) [   x:tipo_valor] o.a.s.r.RestManager Initializing 0 registered ManagedResources
29473 INFO  (coreLoadExecutor-6-thread-2) [   x:tipo_valor] o.a.s.h.c.SpellCheckComponent Initializing spell checkers
29473 INFO  (coreLoadExecutor-6-thread-2) [   x:tipo_valor] o.a.s.s.DirectSolrSpellChecker init: {name=default,field=text,classname=solr.DirectSolrSpellChecker,distanceMeasure=internal,accuracy=0.5,maxEdits=2,minPrefix=1,maxInspections=5,minQueryLength=4,maxQueryFrequency=0.01}
29473 INFO  (coreLoadExecutor-6-thread-1) [   x:avisos] o.a.s.h.c.QueryElevationComponent Loading QueryElevation from: /home/ronald/Descargas/solr-5.3.1/server/solr/avisos/conf/elevate.xml
29474 INFO  (coreLoadExecutor-6-thread-2) [   x:tipo_valor] o.a.s.h.c.SpellCheckComponent No queryConverter defined, using default converter
29474 INFO  (coreLoadExecutor-6-thread-2) [   x:tipo_valor] o.a.s.h.c.QueryElevationComponent Loading QueryElevation from: /home/ronald/Descargas/solr-5.3.1/server/solr/tipo_valor/conf/elevate.xml
29496 INFO  (coreLoadExecutor-6-thread-1) [   x:avisos] o.a.s.h.ReplicationHandler Commits will be reserved for  10000
29501 INFO  (coreLoadExecutor-6-thread-2) [   x:tipo_valor] o.a.s.h.ReplicationHandler Commits will be reserved for  10000
29582 INFO  (searcherExecutor-7-thread-1-processing-x:avisos) [   x:avisos] o.a.s.c.SolrCore QuerySenderListener sending requests to Searcher@3f6e6f17[avisos] main{ExitableDirectoryReader(UninvertingDirectoryReader(Uninverting(_2g(5.3.1):C1426)))}
29582 INFO  (searcherExecutor-7-thread-1-processing-x:avisos) [   x:avisos] o.a.s.c.SolrCore QuerySenderListener done.
29582 INFO  (searcherExecutor-7-thread-1-processing-x:avisos) [   x:avisos] o.a.s.h.c.SpellCheckComponent Loading spell index for spellchecker: default
29582 INFO  (searcherExecutor-9-thread-1-processing-x:tipo_valor) [   x:tipo_valor] o.a.s.c.SolrCore QuerySenderListener sending requests to Searcher@627dc3b3[tipo_valor] main{ExitableDirectoryReader(UninvertingDirectoryReader(Uninverting(_3(5.3.1):C1)))}
29582 INFO  (searcherExecutor-7-thread-1-processing-x:avisos) [   x:avisos] o.a.s.h.c.SpellCheckComponent Loading spell index for spellchecker: wordbreak
29582 INFO  (searcherExecutor-9-thread-1-processing-x:tipo_valor) [   x:tipo_valor] o.a.s.c.SolrCore QuerySenderListener done.
29582 INFO  (searcherExecutor-9-thread-1-processing-x:tipo_valor) [   x:tipo_valor] o.a.s.h.c.SpellCheckComponent Loading spell index for spellchecker: default
29582 INFO  (searcherExecutor-9-thread-1-processing-x:tipo_valor) [   x:tipo_valor] o.a.s.h.c.SpellCheckComponent Loading spell index for spellchecker: wordbreak
29582 INFO  (searcherExecutor-7-thread-1-processing-x:avisos) [   x:avisos] o.a.s.c.SolrCore [avisos] Registered new searcher Searcher@3f6e6f17[avisos] main{ExitableDirectoryReader(UninvertingDirectoryReader(Uninverting(_2g(5.3.1):C1426)))}
29582 INFO  (searcherExecutor-9-thread-1-processing-x:tipo_valor) [   x:tipo_valor] o.a.s.c.SolrCore [tipo_valor] Registered new searcher Searcher@627dc3b3[tipo_valor] main{ExitableDirectoryReader(UninvertingDirectoryReader(Uninverting(_3(5.3.1):C1)))}
29583 INFO  (coreLoadExecutor-6-thread-1) [   x:avisos] o.a.s.u.UpdateLog Looking up max value of version field to seed version buckets
29583 INFO  (coreLoadExecutor-6-thread-2) [   x:tipo_valor] o.a.s.u.UpdateLog Looking up max value of version field to seed version buckets
29583 INFO  (coreLoadExecutor-6-thread-2) [   x:tipo_valor] o.a.s.u.VersionInfo Refreshing highest value of _version_ for 65536 version buckets from index
29583 INFO  (coreLoadExecutor-6-thread-1) [   x:avisos] o.a.s.u.VersionInfo Refreshing highest value of _version_ for 65536 version buckets from index
29588 INFO  (coreLoadExecutor-6-thread-2) [   x:tipo_valor] o.a.s.u.VersionInfo Found MAX value 1520656828939108352 from Terms for _version_ in index
29589 INFO  (coreLoadExecutor-6-thread-2) [   x:tipo_valor] o.a.s.u.UpdateLog Took 6 ms to seed version buckets with highest version 1520656828939108352
29589 INFO  (coreLoadExecutor-6-thread-2) [   x:tipo_valor] o.a.s.c.CoreContainer registering core: tipo_valor
29613 INFO  (coreLoadExecutor-6-thread-1) [   x:avisos] o.a.s.u.VersionInfo Found MAX value 1520906969275170816 from Terms for _version_ in index
29614 INFO  (coreLoadExecutor-6-thread-1) [   x:avisos] o.a.s.u.UpdateLog Took 31 ms to seed version buckets with highest version 1520906969275170816
29614 INFO  (coreLoadExecutor-6-thread-1) [   x:avisos] o.a.s.c.CoreContainer registering core: avisos
120016 INFO  (qtp428746855-19) [   x:avisos] o.a.s.c.S.Request [avisos] webapp=/solr path=/select params={facet.query={!key%3Dfecha|hoy}fecha_publicacion:[NOW-5HOURS/DAY+TO+NOW]&facet.query={!key%3Dfecha|hace-2-dias}fecha_publicacion:[NOW-2DAYS/DAY+TO+NOW]&facet.query={!key%3Dfecha|ultima-semana}fecha_publicacion:[NOW-7DAYS/DAY+TO+NOW]&facet.query={!key%3Dfecha|ultima-quincena}fecha_publicacion:[NOW-15DAYS/DAY+TO+NOW]&facet.query={!key%3Dfecha|ultimo-todos}fecha_publicacion:[NOW-1MONTH/DAY+TO+NOW]&facet.query={!key%3Dsalario|0-0}salario_min:[0+TO+0]+AND+salario_max:[0+TO+0]&facet.query={!key%3Dsalario|0-15000}salario_min:[0+TO+15000]+AND+salario_max:[0+TO+15000]&facet.query={!key%3Dsalario|15001-20000}salario_min:[15001+TO+20000]+AND+salario_max:[15001+TO+20000]&facet.query={!key%3Dsalario|20001-30000}salario_min:[20001+TO+30000]+AND+salario_max:[20001+TO+30000]&facet.query={!key%3Dsalario|30001-40000}salario_min:[30001+TO+40000]+AND+salario_max:[30001+TO+40000]&facet.query={!key%3Dsalario|40001-50000}salario_min:[40001+TO+50000]+AND+salario_max:[40001+TO+50000]&facet.query={!key%3Dsalario|50001-ms}salario_min:[50001+TO+60001]+AND+salario_max:[50001+TO+60001]&q=*:*&facet.field={!key%3Dareas}areas&facet.field={!key%3Dnivel}nivel&facet.field={!key%3Dubigeo}ubigeo&json.nl=flat&omitHeader=true&fl=*,score&start=0&sort=prioridad+asc,fecha_publicacion+desc&rows=20&wt=json&facet=true} hits=1426 status=0 QTime=614 
143330 INFO  (qtp428746855-19) [   x:avisos] o.a.s.c.S.Request [avisos] webapp=/solr path=/select params={facet.query={!key%3Dfecha|hoy}fecha_publicacion:[NOW-5HOURS/DAY+TO+NOW]&facet.query={!key%3Dfecha|hace-2-dias}fecha_publicacion:[NOW-2DAYS/DAY+TO+NOW]&facet.query={!key%3Dfecha|ultima-semana}fecha_publicacion:[NOW-7DAYS/DAY+TO+NOW]&facet.query={!key%3Dfecha|ultima-quincena}fecha_publicacion:[NOW-15DAYS/DAY+TO+NOW]&facet.query={!key%3Dfecha|ultimo-todos}fecha_publicacion:[NOW-1MONTH/DAY+TO+NOW]&facet.query={!key%3Dsalario|0-0}salario_min:[0+TO+0]+AND+salario_max:[0+TO+0]&facet.query={!key%3Dsalario|0-15000}salario_min:[0+TO+15000]+AND+salario_max:[0+TO+15000]&facet.query={!key%3Dsalario|15001-20000}salario_min:[15001+TO+20000]+AND+salario_max:[15001+TO+20000]&facet.query={!key%3Dsalario|20001-30000}salario_min:[20001+TO+30000]+AND+salario_max:[20001+TO+30000]&facet.query={!key%3Dsalario|30001-40000}salario_min:[30001+TO+40000]+AND+salario_max:[30001+TO+40000]&facet.query={!key%3Dsalario|40001-50000}salario_min:[40001+TO+50000]+AND+salario_max:[40001+TO+50000]&facet.query={!key%3Dsalario|50001-ms}salario_min:[50001+TO+60001]+AND+salario_max:[50001+TO+60001]&q=*:*&facet.field={!key%3Dareas}areas&facet.field={!key%3Dnivel}nivel&facet.field={!key%3Dubigeo}ubigeo&json.nl=flat&omitHeader=true&fl=*,score&start=0&sort=prioridad+asc,fecha_publicacion+desc&rows=20&wt=json&facet=true} hits=1426 status=0 QTime=6 
149018 INFO  (qtp428746855-18) [   x:avisos] o.a.s.c.S.Request [avisos] webapp=/solr path=/select params={facet.query={!key%3Dfecha|hoy}fecha_publicacion:[NOW-5HOURS/DAY+TO+NOW]&facet.query={!key%3Dfecha|hace-2-dias}fecha_publicacion:[NOW-2DAYS/DAY+TO+NOW]&facet.query={!key%3Dfecha|ultima-semana}fecha_publicacion:[NOW-7DAYS/DAY+TO+NOW]&facet.query={!key%3Dfecha|ultima-quincena}fecha_publicacion:[NOW-15DAYS/DAY+TO+NOW]&facet.query={!key%3Dfecha|ultimo-todos}fecha_publicacion:[NOW-1MONTH/DAY+TO+NOW]&facet.query={!key%3Dsalario|0-0}salario_min:[0+TO+0]+AND+salario_max:[0+TO+0]&facet.query={!key%3Dsalario|0-15000}salario_min:[0+TO+15000]+AND+salario_max:[0+TO+15000]&facet.query={!key%3Dsalario|15001-20000}salario_min:[15001+TO+20000]+AND+salario_max:[15001+TO+20000]&facet.query={!key%3Dsalario|20001-30000}salario_min:[20001+TO+30000]+AND+salario_max:[20001+TO+30000]&facet.query={!key%3Dsalario|30001-40000}salario_min:[30001+TO+40000]+AND+salario_max:[30001+TO+40000]&facet.query={!key%3Dsalario|40001-50000}salario_min:[40001+TO+50000]+AND+salario_max:[40001+TO+50000]&facet.query={!key%3Dsalario|50001-ms}salario_min:[50001+TO+60001]+AND+salario_max:[50001+TO+60001]&q=*:*&facet.field={!key%3Dareas}areas&facet.field={!key%3Dnivel}nivel&facet.field={!key%3Dubigeo}ubigeo&json.nl=flat&omitHeader=true&fl=*,score&start=0&sort=prioridad+asc,fecha_publicacion+desc&rows=20&wt=json&facet=true} hits=1426 status=0 QTime=13 
150655 INFO  (qtp428746855-21) [   x:avisos] o.a.s.c.S.Request [avisos] webapp=/solr path=/select params={facet.query={!key%3Dfecha|hoy}fecha_publicacion:[NOW-5HOURS/DAY+TO+NOW]&facet.query={!key%3Dfecha|hace-2-dias}fecha_publicacion:[NOW-2DAYS/DAY+TO+NOW]&facet.query={!key%3Dfecha|ultima-semana}fecha_publicacion:[NOW-7DAYS/DAY+TO+NOW]&facet.query={!key%3Dfecha|ultima-quincena}fecha_publicacion:[NOW-15DAYS/DAY+TO+NOW]&facet.query={!key%3Dfecha|ultimo-todos}fecha_publicacion:[NOW-1MONTH/DAY+TO+NOW]&facet.query={!key%3Dsalario|0-0}salario_min:[0+TO+0]+AND+salario_max:[0+TO+0]&facet.query={!key%3Dsalario|0-15000}salario_min:[0+TO+15000]+AND+salario_max:[0+TO+15000]&facet.query={!key%3Dsalario|15001-20000}salario_min:[15001+TO+20000]+AND+salario_max:[15001+TO+20000]&facet.query={!key%3Dsalario|20001-30000}salario_min:[20001+TO+30000]+AND+salario_max:[20001+TO+30000]&facet.query={!key%3Dsalario|30001-40000}salario_min:[30001+TO+40000]+AND+salario_max:[30001+TO+40000]&facet.query={!key%3Dsalario|40001-50000}salario_min:[40001+TO+50000]+AND+salario_max:[40001+TO+50000]&facet.query={!key%3Dsalario|50001-ms}salario_min:[50001+TO+60001]+AND+salario_max:[50001+TO+60001]&q=*:*&facet.field={!key%3Dareas}areas&facet.field={!key%3Dnivel}nivel&facet.field={!key%3Dubigeo}ubigeo&json.nl=flat&omitHeader=true&fl=*,score&start=0&sort=prioridad+asc,fecha_publicacion+desc&rows=20&wt=json&facet=true} hits=1426 status=0 QTime=18 
150992 INFO  (qtp428746855-15) [   x:avisos] o.a.s.c.S.Request [avisos] webapp=/solr path=/select params={facet.query={!key%3Dfecha|hoy}fecha_publicacion:[NOW-5HOURS/DAY+TO+NOW]&facet.query={!key%3Dfecha|hace-2-dias}fecha_publicacion:[NOW-2DAYS/DAY+TO+NOW]&facet.query={!key%3Dfecha|ultima-semana}fecha_publicacion:[NOW-7DAYS/DAY+TO+NOW]&facet.query={!key%3Dfecha|ultima-quincena}fecha_publicacion:[NOW-15DAYS/DAY+TO+NOW]&facet.query={!key%3Dfecha|ultimo-todos}fecha_publicacion:[NOW-1MONTH/DAY+TO+NOW]&facet.query={!key%3Dsalario|0-0}salario_min:[0+TO+0]+AND+salario_max:[0+TO+0]&facet.query={!key%3Dsalario|0-15000}salario_min:[0+TO+15000]+AND+salario_max:[0+TO+15000]&facet.query={!key%3Dsalario|15001-20000}salario_min:[15001+TO+20000]+AND+salario_max:[15001+TO+20000]&facet.query={!key%3Dsalario|20001-30000}salario_min:[20001+TO+30000]+AND+salario_max:[20001+TO+30000]&facet.query={!key%3Dsalario|30001-40000}salario_min:[30001+TO+40000]+AND+salario_max:[30001+TO+40000]&facet.query={!key%3Dsalario|40001-50000}salario_min:[40001+TO+50000]+AND+salario_max:[40001+TO+50000]&facet.query={!key%3Dsalario|50001-ms}salario_min:[50001+TO+60001]+AND+salario_max:[50001+TO+60001]&q=*:*&facet.field={!key%3Dareas}areas&facet.field={!key%3Dnivel}nivel&facet.field={!key%3Dubigeo}ubigeo&json.nl=flat&omitHeader=true&fl=*,score&start=0&sort=prioridad+asc,fecha_publicacion+desc&rows=20&wt=json&facet=true} hits=1426 status=0 QTime=5 
151034 INFO  (qtp428746855-17) [   x:avisos] o.a.s.c.S.Request [avisos] webapp=/solr path=/select params={facet.query={!key%3Dfecha|hoy}fecha_publicacion:[NOW-5HOURS/DAY+TO+NOW]&facet.query={!key%3Dfecha|hace-2-dias}fecha_publicacion:[NOW-2DAYS/DAY+TO+NOW]&facet.query={!key%3Dfecha|ultima-semana}fecha_publicacion:[NOW-7DAYS/DAY+TO+NOW]&facet.query={!key%3Dfecha|ultima-quincena}fecha_publicacion:[NOW-15DAYS/DAY+TO+NOW]&facet.query={!key%3Dfecha|ultimo-todos}fecha_publicacion:[NOW-1MONTH/DAY+TO+NOW]&facet.query={!key%3Dsalario|0-0}salario_min:[0+TO+0]+AND+salario_max:[0+TO+0]&facet.query={!key%3Dsalario|0-15000}salario_min:[0+TO+15000]+AND+salario_max:[0+TO+15000]&facet.query={!key%3Dsalario|15001-20000}salario_min:[15001+TO+20000]+AND+salario_max:[15001+TO+20000]&facet.query={!key%3Dsalario|20001-30000}salario_min:[20001+TO+30000]+AND+salario_max:[20001+TO+30000]&facet.query={!key%3Dsalario|30001-40000}salario_min:[30001+TO+40000]+AND+salario_max:[30001+TO+40000]&facet.query={!key%3Dsalario|40001-50000}salario_min:[40001+TO+50000]+AND+salario_max:[40001+TO+50000]&facet.query={!key%3Dsalario|50001-ms}salario_min:[50001+TO+60001]+AND+salario_max:[50001+TO+60001]&q=*:*&facet.field={!key%3Dareas}areas&facet.field={!key%3Dnivel}nivel&facet.field={!key%3Dubigeo}ubigeo&json.nl=flat&omitHeader=true&fl=*,score&start=0&sort=prioridad+asc,fecha_publicacion+desc&rows=20&wt=json&facet=true} hits=1426 status=0 QTime=11 
151068 INFO  (qtp428746855-18) [   x:avisos] o.a.s.c.S.Request [avisos] webapp=/solr path=/select params={facet.query={!key%3Dfecha|hoy}fecha_publicacion:[NOW-5HOURS/DAY+TO+NOW]&facet.query={!key%3Dfecha|hace-2-dias}fecha_publicacion:[NOW-2DAYS/DAY+TO+NOW]&facet.query={!key%3Dfecha|ultima-semana}fecha_publicacion:[NOW-7DAYS/DAY+TO+NOW]&facet.query={!key%3Dfecha|ultima-quincena}fecha_publicacion:[NOW-15DAYS/DAY+TO+NOW]&facet.query={!key%3Dfecha|ultimo-todos}fecha_publicacion:[NOW-1MONTH/DAY+TO+NOW]&facet.query={!key%3Dsalario|0-0}salario_min:[0+TO+0]+AND+salario_max:[0+TO+0]&facet.query={!key%3Dsalario|0-15000}salario_min:[0+TO+15000]+AND+salario_max:[0+TO+15000]&facet.query={!key%3Dsalario|15001-20000}salario_min:[15001+TO+20000]+AND+salario_max:[15001+TO+20000]&facet.query={!key%3Dsalario|20001-30000}salario_min:[20001+TO+30000]+AND+salario_max:[20001+TO+30000]&facet.query={!key%3Dsalario|30001-40000}salario_min:[30001+TO+40000]+AND+salario_max:[30001+TO+40000]&facet.query={!key%3Dsalario|40001-50000}salario_min:[40001+TO+50000]+AND+salario_max:[40001+TO+50000]&facet.query={!key%3Dsalario|50001-ms}salario_min:[50001+TO+60001]+AND+salario_max:[50001+TO+60001]&q=*:*&facet.field={!key%3Dareas}areas&facet.field={!key%3Dnivel}nivel&facet.field={!key%3Dubigeo}ubigeo&json.nl=flat&omitHeader=true&fl=*,score&start=0&sort=prioridad+asc,fecha_publicacion+desc&rows=20&wt=json&facet=true} hits=1426 status=0 QTime=6 
151109 INFO  (qtp428746855-21) [   x:avisos] o.a.s.c.S.Request [avisos] webapp=/solr path=/select params={facet.query={!key%3Dfecha|hoy}fecha_publicacion:[NOW-5HOURS/DAY+TO+NOW]&facet.query={!key%3Dfecha|hace-2-dias}fecha_publicacion:[NOW-2DAYS/DAY+TO+NOW]&facet.query={!key%3Dfecha|ultima-semana}fecha_publicacion:[NOW-7DAYS/DAY+TO+NOW]&facet.query={!key%3Dfecha|ultima-quincena}fecha_publicacion:[NOW-15DAYS/DAY+TO+NOW]&facet.query={!key%3Dfecha|ultimo-todos}fecha_publicacion:[NOW-1MONTH/DAY+TO+NOW]&facet.query={!key%3Dsalario|0-0}salario_min:[0+TO+0]+AND+salario_max:[0+TO+0]&facet.query={!key%3Dsalario|0-15000}salario_min:[0+TO+15000]+AND+salario_max:[0+TO+15000]&facet.query={!key%3Dsalario|15001-20000}salario_min:[15001+TO+20000]+AND+salario_max:[15001+TO+20000]&facet.query={!key%3Dsalario|20001-30000}salario_min:[20001+TO+30000]+AND+salario_max:[20001+TO+30000]&facet.query={!key%3Dsalario|30001-40000}salario_min:[30001+TO+40000]+AND+salario_max:[30001+TO+40000]&facet.query={!key%3Dsalario|40001-50000}salario_min:[40001+TO+50000]+AND+salario_max:[40001+TO+50000]&facet.query={!key%3Dsalario|50001-ms}salario_min:[50001+TO+60001]+AND+salario_max:[50001+TO+60001]&q=*:*&facet.field={!key%3Dareas}areas&facet.field={!key%3Dnivel}nivel&facet.field={!key%3Dubigeo}ubigeo&json.nl=flat&omitHeader=true&fl=*,score&start=0&sort=prioridad+asc,fecha_publicacion+desc&rows=20&wt=json&facet=true} hits=1426 status=0 QTime=9 
169092 INFO  (qtp428746855-16) [   x:avisos] o.a.s.c.S.Request [avisos] webapp=/solr path=/select params={facet.query={!key%3Dfecha|hoy}fecha_publicacion:[NOW-5HOURS/DAY+TO+NOW]&facet.query={!key%3Dfecha|hace-2-dias}fecha_publicacion:[NOW-2DAYS/DAY+TO+NOW]&facet.query={!key%3Dfecha|ultima-semana}fecha_publicacion:[NOW-7DAYS/DAY+TO+NOW]&facet.query={!key%3Dfecha|ultima-quincena}fecha_publicacion:[NOW-15DAYS/DAY+TO+NOW]&facet.query={!key%3Dfecha|ultimo-todos}fecha_publicacion:[NOW-1MONTH/DAY+TO+NOW]&facet.query={!key%3Dsalario|0-0}salario_min:[0+TO+0]+AND+salario_max:[0+TO+0]&facet.query={!key%3Dsalario|0-15000}salario_min:[0+TO+15000]+AND+salario_max:[0+TO+15000]&facet.query={!key%3Dsalario|15001-20000}salario_min:[15001+TO+20000]+AND+salario_max:[15001+TO+20000]&facet.query={!key%3Dsalario|20001-30000}salario_min:[20001+TO+30000]+AND+salario_max:[20001+TO+30000]&facet.query={!key%3Dsalario|30001-40000}salario_min:[30001+TO+40000]+AND+salario_max:[30001+TO+40000]&facet.query={!key%3Dsalario|40001-50000}salario_min:[40001+TO+50000]+AND+salario_max:[40001+TO+50000]&facet.query={!key%3Dsalario|50001-ms}salario_min:[50001+TO+60001]+AND+salario_max:[50001+TO+60001]&q=*:*&facet.field={!key%3Dareas}areas&facet.field={!key%3Dnivel}nivel&facet.field={!key%3Dubigeo}ubigeo&json.nl=flat&omitHeader=true&fl=*,score&start=0&sort=prioridad+asc,fecha_publicacion+desc&rows=20&wt=json&facet=true} hits=1426 status=0 QTime=4 
169653 INFO  (qtp428746855-15) [   x:avisos] o.a.s.c.S.Request [avisos] webapp=/solr path=/select params={facet.query={!key%3Dfecha|hoy}fecha_publicacion:[NOW-5HOURS/DAY+TO+NOW]&facet.query={!key%3Dfecha|hace-2-dias}fecha_publicacion:[NOW-2DAYS/DAY+TO+NOW]&facet.query={!key%3Dfecha|ultima-semana}fecha_publicacion:[NOW-7DAYS/DAY+TO+NOW]&facet.query={!key%3Dfecha|ultima-quincena}fecha_publicacion:[NOW-15DAYS/DAY+TO+NOW]&facet.query={!key%3Dfecha|ultimo-todos}fecha_publicacion:[NOW-1MONTH/DAY+TO+NOW]&facet.query={!key%3Dsalario|0-0}salario_min:[0+TO+0]+AND+salario_max:[0+TO+0]&facet.query={!key%3Dsalario|0-15000}salario_min:[0+TO+15000]+AND+salario_max:[0+TO+15000]&facet.query={!key%3Dsalario|15001-20000}salario_min:[15001+TO+20000]+AND+salario_max:[15001+TO+20000]&facet.query={!key%3Dsalario|20001-30000}salario_min:[20001+TO+30000]+AND+salario_max:[20001+TO+30000]&facet.query={!key%3Dsalario|30001-40000}salario_min:[30001+TO+40000]+AND+salario_max:[30001+TO+40000]&facet.query={!key%3Dsalario|40001-50000}salario_min:[40001+TO+50000]+AND+salario_max:[40001+TO+50000]&facet.query={!key%3Dsalario|50001-ms}salario_min:[50001+TO+60001]+AND+salario_max:[50001+TO+60001]&q=*:*&facet.field={!key%3Dareas}areas&facet.field={!key%3Dnivel}nivel&facet.field={!key%3Dubigeo}ubigeo&json.nl=flat&omitHeader=true&fl=*,score&start=0&sort=prioridad+asc,fecha_publicacion+desc&rows=20&wt=json&facet=true} hits=1426 status=0 QTime=7 
169729 INFO  (qtp428746855-17) [   x:avisos] o.a.s.c.S.Request [avisos] webapp=/solr path=/select params={facet.query={!key%3Dfecha|hoy}fecha_publicacion:[NOW-5HOURS/DAY+TO+NOW]&facet.query={!key%3Dfecha|hace-2-dias}fecha_publicacion:[NOW-2DAYS/DAY+TO+NOW]&facet.query={!key%3Dfecha|ultima-semana}fecha_publicacion:[NOW-7DAYS/DAY+TO+NOW]&facet.query={!key%3Dfecha|ultima-quincena}fecha_publicacion:[NOW-15DAYS/DAY+TO+NOW]&facet.query={!key%3Dfecha|ultimo-todos}fecha_publicacion:[NOW-1MONTH/DAY+TO+NOW]&facet.query={!key%3Dsalario|0-0}salario_min:[0+TO+0]+AND+salario_max:[0+TO+0]&facet.query={!key%3Dsalario|0-15000}salario_min:[0+TO+15000]+AND+salario_max:[0+TO+15000]&facet.query={!key%3Dsalario|15001-20000}salario_min:[15001+TO+20000]+AND+salario_max:[15001+TO+20000]&facet.query={!key%3Dsalario|20001-30000}salario_min:[20001+TO+30000]+AND+salario_max:[20001+TO+30000]&facet.query={!key%3Dsalario|30001-40000}salario_min:[30001+TO+40000]+AND+salario_max:[30001+TO+40000]&facet.query={!key%3Dsalario|40001-50000}salario_min:[40001+TO+50000]+AND+salario_max:[40001+TO+50000]&facet.query={!key%3Dsalario|50001-ms}salario_min:[50001+TO+60001]+AND+salario_max:[50001+TO+60001]&q=*:*&facet.field={!key%3Dareas}areas&facet.field={!key%3Dnivel}nivel&facet.field={!key%3Dubigeo}ubigeo&json.nl=flat&omitHeader=true&fl=*,score&start=0&sort=prioridad+asc,fecha_publicacion+desc&rows=20&wt=json&facet=true} hits=1426 status=0 QTime=5 
169773 INFO  (qtp428746855-18) [   x:avisos] o.a.s.c.S.Request [avisos] webapp=/solr path=/select params={facet.query={!key%3Dfecha|hoy}fecha_publicacion:[NOW-5HOURS/DAY+TO+NOW]&facet.query={!key%3Dfecha|hace-2-dias}fecha_publicacion:[NOW-2DAYS/DAY+TO+NOW]&facet.query={!key%3Dfecha|ultima-semana}fecha_publicacion:[NOW-7DAYS/DAY+TO+NOW]&facet.query={!key%3Dfecha|ultima-quincena}fecha_publicacion:[NOW-15DAYS/DAY+TO+NOW]&facet.query={!key%3Dfecha|ultimo-todos}fecha_publicacion:[NOW-1MONTH/DAY+TO+NOW]&facet.query={!key%3Dsalario|0-0}salario_min:[0+TO+0]+AND+salario_max:[0+TO+0]&facet.query={!key%3Dsalario|0-15000}salario_min:[0+TO+15000]+AND+salario_max:[0+TO+15000]&facet.query={!key%3Dsalario|15001-20000}salario_min:[15001+TO+20000]+AND+salario_max:[15001+TO+20000]&facet.query={!key%3Dsalario|20001-30000}salario_min:[20001+TO+30000]+AND+salario_max:[20001+TO+30000]&facet.query={!key%3Dsalario|30001-40000}salario_min:[30001+TO+40000]+AND+salario_max:[30001+TO+40000]&facet.query={!key%3Dsalario|40001-50000}salario_min:[40001+TO+50000]+AND+salario_max:[40001+TO+50000]&facet.query={!key%3Dsalario|50001-ms}salario_min:[50001+TO+60001]+AND+salario_max:[50001+TO+60001]&q=*:*&facet.field={!key%3Dareas}areas&facet.field={!key%3Dnivel}nivel&facet.field={!key%3Dubigeo}ubigeo&json.nl=flat&omitHeader=true&fl=*,score&start=0&sort=prioridad+asc,fecha_publicacion+desc&rows=20&wt=json&facet=true} hits=1426 status=0 QTime=4 
169804 INFO  (qtp428746855-13) [   x:avisos] o.a.s.c.S.Request [avisos] webapp=/solr path=/select params={facet.query={!key%3Dfecha|hoy}fecha_publicacion:[NOW-5HOURS/DAY+TO+NOW]&facet.query={!key%3Dfecha|hace-2-dias}fecha_publicacion:[NOW-2DAYS/DAY+TO+NOW]&facet.query={!key%3Dfecha|ultima-semana}fecha_publicacion:[NOW-7DAYS/DAY+TO+NOW]&facet.query={!key%3Dfecha|ultima-quincena}fecha_publicacion:[NOW-15DAYS/DAY+TO+NOW]&facet.query={!key%3Dfecha|ultimo-todos}fecha_publicacion:[NOW-1MONTH/DAY+TO+NOW]&facet.query={!key%3Dsalario|0-0}salario_min:[0+TO+0]+AND+salario_max:[0+TO+0]&facet.query={!key%3Dsalario|0-15000}salario_min:[0+TO+15000]+AND+salario_max:[0+TO+15000]&facet.query={!key%3Dsalario|15001-20000}salario_min:[15001+TO+20000]+AND+salario_max:[15001+TO+20000]&facet.query={!key%3Dsalario|20001-30000}salario_min:[20001+TO+30000]+AND+salario_max:[20001+TO+30000]&facet.query={!key%3Dsalario|30001-40000}salario_min:[30001+TO+40000]+AND+salario_max:[30001+TO+40000]&facet.query={!key%3Dsalario|40001-50000}salario_min:[40001+TO+50000]+AND+salario_max:[40001+TO+50000]&facet.query={!key%3Dsalario|50001-ms}salario_min:[50001+TO+60001]+AND+salario_max:[50001+TO+60001]&q=*:*&facet.field={!key%3Dareas}areas&facet.field={!key%3Dnivel}nivel&facet.field={!key%3Dubigeo}ubigeo&json.nl=flat&omitHeader=true&fl=*,score&start=0&sort=prioridad+asc,fecha_publicacion+desc&rows=20&wt=json&facet=true} hits=1426 status=0 QTime=4 
169840 INFO  (qtp428746855-15) [   x:avisos] o.a.s.c.S.Request [avisos] webapp=/solr path=/select params={facet.query={!key%3Dfecha|hoy}fecha_publicacion:[NOW-5HOURS/DAY+TO+NOW]&facet.query={!key%3Dfecha|hace-2-dias}fecha_publicacion:[NOW-2DAYS/DAY+TO+NOW]&facet.query={!key%3Dfecha|ultima-semana}fecha_publicacion:[NOW-7DAYS/DAY+TO+NOW]&facet.query={!key%3Dfecha|ultima-quincena}fecha_publicacion:[NOW-15DAYS/DAY+TO+NOW]&facet.query={!key%3Dfecha|ultimo-todos}fecha_publicacion:[NOW-1MONTH/DAY+TO+NOW]&facet.query={!key%3Dsalario|0-0}salario_min:[0+TO+0]+AND+salario_max:[0+TO+0]&facet.query={!key%3Dsalario|0-15000}salario_min:[0+TO+15000]+AND+salario_max:[0+TO+15000]&facet.query={!key%3Dsalario|15001-20000}salario_min:[15001+TO+20000]+AND+salario_max:[15001+TO+20000]&facet.query={!key%3Dsalario|20001-30000}salario_min:[20001+TO+30000]+AND+salario_max:[20001+TO+30000]&facet.query={!key%3Dsalario|30001-40000}salario_min:[30001+TO+40000]+AND+salario_max:[30001+TO+40000]&facet.query={!key%3Dsalario|40001-50000}salario_min:[40001+TO+50000]+AND+salario_max:[40001+TO+50000]&facet.query={!key%3Dsalario|50001-ms}salario_min:[50001+TO+60001]+AND+salario_max:[50001+TO+60001]&q=*:*&facet.field={!key%3Dareas}areas&facet.field={!key%3Dnivel}nivel&facet.field={!key%3Dubigeo}ubigeo&json.nl=flat&omitHeader=true&fl=*,score&start=0&sort=prioridad+asc,fecha_publicacion+desc&rows=20&wt=json&facet=true} hits=1426 status=0 QTime=3 
1622259 INFO  (qtp428746855-17) [   x:avisos] o.a.s.c.S.Request [avisos] webapp=/solr path=/select params={facet.query={!key%3Dfecha|hoy}fecha_publicacion:[NOW-5HOURS/DAY+TO+NOW]&facet.query={!key%3Dfecha|hace-2-dias}fecha_publicacion:[NOW-2DAYS/DAY+TO+NOW]&facet.query={!key%3Dfecha|ultima-semana}fecha_publicacion:[NOW-7DAYS/DAY+TO+NOW]&facet.query={!key%3Dfecha|ultima-quincena}fecha_publicacion:[NOW-15DAYS/DAY+TO+NOW]&facet.query={!key%3Dfecha|ultimo-todos}fecha_publicacion:[NOW-1MONTH/DAY+TO+NOW]&facet.query={!key%3Dsalario|0-0}salario_min:[0+TO+0]+AND+salario_max:[0+TO+0]&facet.query={!key%3Dsalario|0-15000}salario_min:[0+TO+15000]+AND+salario_max:[0+TO+15000]&facet.query={!key%3Dsalario|15001-20000}salario_min:[15001+TO+20000]+AND+salario_max:[15001+TO+20000]&facet.query={!key%3Dsalario|20001-30000}salario_min:[20001+TO+30000]+AND+salario_max:[20001+TO+30000]&facet.query={!key%3Dsalario|30001-40000}salario_min:[30001+TO+40000]+AND+salario_max:[30001+TO+40000]&facet.query={!key%3Dsalario|40001-50000}salario_min:[40001+TO+50000]+AND+salario_max:[40001+TO+50000]&facet.query={!key%3Dsalario|50001-ms}salario_min:[50001+TO+60001]+AND+salario_max:[50001+TO+60001]&q=*:*&facet.field={!key%3Dareas}areas&facet.field={!key%3Dnivel}nivel&facet.field={!key%3Dubigeo}ubigeo&json.nl=flat&omitHeader=true&fl=*,score&start=0&sort=prioridad+asc,fecha_publicacion+desc&rows=20&wt=json&facet=true} hits=1426 status=0 QTime=69 
1624374 INFO  (qtp428746855-21) [   x:avisos] o.a.s.c.S.Request [avisos] webapp=/solr path=/select params={facet.query={!key%3Dfecha|hoy}fecha_publicacion:[NOW-5HOURS/DAY+TO+NOW]&facet.query={!key%3Dfecha|hace-2-dias}fecha_publicacion:[NOW-2DAYS/DAY+TO+NOW]&facet.query={!key%3Dfecha|ultima-semana}fecha_publicacion:[NOW-7DAYS/DAY+TO+NOW]&facet.query={!key%3Dfecha|ultima-quincena}fecha_publicacion:[NOW-15DAYS/DAY+TO+NOW]&facet.query={!key%3Dfecha|ultimo-todos}fecha_publicacion:[NOW-1MONTH/DAY+TO+NOW]&facet.query={!key%3Dsalario|0-0}salario_min:[0+TO+0]+AND+salario_max:[0+TO+0]&facet.query={!key%3Dsalario|0-15000}salario_min:[0+TO+15000]+AND+salario_max:[0+TO+15000]&facet.query={!key%3Dsalario|15001-20000}salario_min:[15001+TO+20000]+AND+salario_max:[15001+TO+20000]&facet.query={!key%3Dsalario|20001-30000}salario_min:[20001+TO+30000]+AND+salario_max:[20001+TO+30000]&facet.query={!key%3Dsalario|30001-40000}salario_min:[30001+TO+40000]+AND+salario_max:[30001+TO+40000]&facet.query={!key%3Dsalario|40001-50000}salario_min:[40001+TO+50000]+AND+salario_max:[40001+TO+50000]&facet.query={!key%3Dsalario|50001-ms}salario_min:[50001+TO+60001]+AND+salario_max:[50001+TO+60001]&q=*:*&facet.field={!key%3Dareas}areas&facet.field={!key%3Dnivel}nivel&facet.field={!key%3Dubigeo}ubigeo&json.nl=flat&omitHeader=true&fl=*,score&start=0&sort=prioridad+asc,fecha_publicacion+desc&rows=20&wt=json&facet=true} hits=1426 status=0 QTime=4 
1624891 INFO  (qtp428746855-17) [   x:avisos] o.a.s.c.S.Request [avisos] webapp=/solr path=/select params={facet.query={!key%3Dfecha|hoy}fecha_publicacion:[NOW-5HOURS/DAY+TO+NOW]&facet.query={!key%3Dfecha|hace-2-dias}fecha_publicacion:[NOW-2DAYS/DAY+TO+NOW]&facet.query={!key%3Dfecha|ultima-semana}fecha_publicacion:[NOW-7DAYS/DAY+TO+NOW]&facet.query={!key%3Dfecha|ultima-quincena}fecha_publicacion:[NOW-15DAYS/DAY+TO+NOW]&facet.query={!key%3Dfecha|ultimo-todos}fecha_publicacion:[NOW-1MONTH/DAY+TO+NOW]&facet.query={!key%3Dsalario|0-0}salario_min:[0+TO+0]+AND+salario_max:[0+TO+0]&facet.query={!key%3Dsalario|0-15000}salario_min:[0+TO+15000]+AND+salario_max:[0+TO+15000]&facet.query={!key%3Dsalario|15001-20000}salario_min:[15001+TO+20000]+AND+salario_max:[15001+TO+20000]&facet.query={!key%3Dsalario|20001-30000}salario_min:[20001+TO+30000]+AND+salario_max:[20001+TO+30000]&facet.query={!key%3Dsalario|30001-40000}salario_min:[30001+TO+40000]+AND+salario_max:[30001+TO+40000]&facet.query={!key%3Dsalario|40001-50000}salario_min:[40001+TO+50000]+AND+salario_max:[40001+TO+50000]&facet.query={!key%3Dsalario|50001-ms}salario_min:[50001+TO+60001]+AND+salario_max:[50001+TO+60001]&q=*:*&facet.field={!key%3Dareas}areas&facet.field={!key%3Dnivel}nivel&facet.field={!key%3Dubigeo}ubigeo&json.nl=flat&omitHeader=true&fl=*,score&start=0&sort=prioridad+asc,fecha_publicacion+desc&rows=20&wt=json&facet=true} hits=1426 status=0 QTime=11 
1624955 INFO  (qtp428746855-21) [   x:avisos] o.a.s.c.S.Request [avisos] webapp=/solr path=/select params={facet.query={!key%3Dfecha|hoy}fecha_publicacion:[NOW-5HOURS/DAY+TO+NOW]&facet.query={!key%3Dfecha|hace-2-dias}fecha_publicacion:[NOW-2DAYS/DAY+TO+NOW]&facet.query={!key%3Dfecha|ultima-semana}fecha_publicacion:[NOW-7DAYS/DAY+TO+NOW]&facet.query={!key%3Dfecha|ultima-quincena}fecha_publicacion:[NOW-15DAYS/DAY+TO+NOW]&facet.query={!key%3Dfecha|ultimo-todos}fecha_publicacion:[NOW-1MONTH/DAY+TO+NOW]&facet.query={!key%3Dsalario|0-0}salario_min:[0+TO+0]+AND+salario_max:[0+TO+0]&facet.query={!key%3Dsalario|0-15000}salario_min:[0+TO+15000]+AND+salario_max:[0+TO+15000]&facet.query={!key%3Dsalario|15001-20000}salario_min:[15001+TO+20000]+AND+salario_max:[15001+TO+20000]&facet.query={!key%3Dsalario|20001-30000}salario_min:[20001+TO+30000]+AND+salario_max:[20001+TO+30000]&facet.query={!key%3Dsalario|30001-40000}salario_min:[30001+TO+40000]+AND+salario_max:[30001+TO+40000]&facet.query={!key%3Dsalario|40001-50000}salario_min:[40001+TO+50000]+AND+salario_max:[40001+TO+50000]&facet.query={!key%3Dsalario|50001-ms}salario_min:[50001+TO+60001]+AND+salario_max:[50001+TO+60001]&q=*:*&facet.field={!key%3Dareas}areas&facet.field={!key%3Dnivel}nivel&facet.field={!key%3Dubigeo}ubigeo&json.nl=flat&omitHeader=true&fl=*,score&start=0&sort=prioridad+asc,fecha_publicacion+desc&rows=20&wt=json&facet=true} hits=1426 status=0 QTime=3 
1625562 INFO  (qtp428746855-13) [   x:avisos] o.a.s.c.S.Request [avisos] webapp=/solr path=/select params={facet.query={!key%3Dfecha|hoy}fecha_publicacion:[NOW-5HOURS/DAY+TO+NOW]&facet.query={!key%3Dfecha|hace-2-dias}fecha_publicacion:[NOW-2DAYS/DAY+TO+NOW]&facet.query={!key%3Dfecha|ultima-semana}fecha_publicacion:[NOW-7DAYS/DAY+TO+NOW]&facet.query={!key%3Dfecha|ultima-quincena}fecha_publicacion:[NOW-15DAYS/DAY+TO+NOW]&facet.query={!key%3Dfecha|ultimo-todos}fecha_publicacion:[NOW-1MONTH/DAY+TO+NOW]&facet.query={!key%3Dsalario|0-0}salario_min:[0+TO+0]+AND+salario_max:[0+TO+0]&facet.query={!key%3Dsalario|0-15000}salario_min:[0+TO+15000]+AND+salario_max:[0+TO+15000]&facet.query={!key%3Dsalario|15001-20000}salario_min:[15001+TO+20000]+AND+salario_max:[15001+TO+20000]&facet.query={!key%3Dsalario|20001-30000}salario_min:[20001+TO+30000]+AND+salario_max:[20001+TO+30000]&facet.query={!key%3Dsalario|30001-40000}salario_min:[30001+TO+40000]+AND+salario_max:[30001+TO+40000]&facet.query={!key%3Dsalario|40001-50000}salario_min:[40001+TO+50000]+AND+salario_max:[40001+TO+50000]&facet.query={!key%3Dsalario|50001-ms}salario_min:[50001+TO+60001]+AND+salario_max:[50001+TO+60001]&q=*:*&facet.field={!key%3Dareas}areas&facet.field={!key%3Dnivel}nivel&facet.field={!key%3Dubigeo}ubigeo&json.nl=flat&omitHeader=true&fl=*,score&start=0&sort=prioridad+asc,fecha_publicacion+desc&rows=20&wt=json&facet=true} hits=1426 status=0 QTime=4 
1626804 INFO  (qtp428746855-19) [   x:avisos] o.a.s.c.S.Request [avisos] webapp=/solr path=/select params={facet.query={!key%3Dfecha|hoy}fecha_publicacion:[NOW-5HOURS/DAY+TO+NOW]&facet.query={!key%3Dfecha|hace-2-dias}fecha_publicacion:[NOW-2DAYS/DAY+TO+NOW]&facet.query={!key%3Dfecha|ultima-semana}fecha_publicacion:[NOW-7DAYS/DAY+TO+NOW]&facet.query={!key%3Dfecha|ultima-quincena}fecha_publicacion:[NOW-15DAYS/DAY+TO+NOW]&facet.query={!key%3Dfecha|ultimo-todos}fecha_publicacion:[NOW-1MONTH/DAY+TO+NOW]&facet.query={!key%3Dsalario|0-0}salario_min:[0+TO+0]+AND+salario_max:[0+TO+0]&facet.query={!key%3Dsalario|0-15000}salario_min:[0+TO+15000]+AND+salario_max:[0+TO+15000]&facet.query={!key%3Dsalario|15001-20000}salario_min:[15001+TO+20000]+AND+salario_max:[15001+TO+20000]&facet.query={!key%3Dsalario|20001-30000}salario_min:[20001+TO+30000]+AND+salario_max:[20001+TO+30000]&facet.query={!key%3Dsalario|30001-40000}salario_min:[30001+TO+40000]+AND+salario_max:[30001+TO+40000]&facet.query={!key%3Dsalario|40001-50000}salario_min:[40001+TO+50000]+AND+salario_max:[40001+TO+50000]&facet.query={!key%3Dsalario|50001-ms}salario_min:[50001+TO+60001]+AND+salario_max:[50001+TO+60001]&q=*:*&facet.field={!key%3Dareas}areas&facet.field={!key%3Dnivel}nivel&facet.field={!key%3Dubigeo}ubigeo&json.nl=flat&omitHeader=true&fl=*,score&start=0&sort=prioridad+asc,fecha_publicacion+desc&rows=20&wt=json&facet=true} hits=1426 status=0 QTime=3 
1899611 INFO  (qtp428746855-17) [   x:avisos] o.a.s.c.S.Request [avisos] webapp=/solr path=/select params={facet.query={!key%3Dfecha|hoy}fecha_publicacion:[NOW-5HOURS/DAY+TO+NOW]&facet.query={!key%3Dfecha|hace-2-dias}fecha_publicacion:[NOW-2DAYS/DAY+TO+NOW]&facet.query={!key%3Dfecha|ultima-semana}fecha_publicacion:[NOW-7DAYS/DAY+TO+NOW]&facet.query={!key%3Dfecha|ultima-quincena}fecha_publicacion:[NOW-15DAYS/DAY+TO+NOW]&facet.query={!key%3Dfecha|ultimo-todos}fecha_publicacion:[NOW-1MONTH/DAY+TO+NOW]&facet.query={!key%3Dsalario|0-0}salario_min:[0+TO+0]+AND+salario_max:[0+TO+0]&facet.query={!key%3Dsalario|0-15000}salario_min:[0+TO+15000]+AND+salario_max:[0+TO+15000]&facet.query={!key%3Dsalario|15001-20000}salario_min:[15001+TO+20000]+AND+salario_max:[15001+TO+20000]&facet.query={!key%3Dsalario|20001-30000}salario_min:[20001+TO+30000]+AND+salario_max:[20001+TO+30000]&facet.query={!key%3Dsalario|30001-40000}salario_min:[30001+TO+40000]+AND+salario_max:[30001+TO+40000]&facet.query={!key%3Dsalario|40001-50000}salario_min:[40001+TO+50000]+AND+salario_max:[40001+TO+50000]&facet.query={!key%3Dsalario|50001-ms}salario_min:[50001+TO+60001]+AND+salario_max:[50001+TO+60001]&q=*:*&facet.field={!key%3Dareas}areas&facet.field={!key%3Dnivel}nivel&facet.field={!key%3Dubigeo}ubigeo&json.nl=flat&omitHeader=true&fl=*,score&start=0&sort=prioridad+asc,fecha_publicacion+desc&rows=20&wt=json&facet=true} hits=1426 status=0 QTime=4 
1901891 INFO  (qtp428746855-17) [   x:avisos] o.a.s.c.S.Request [avisos] webapp=/solr path=/select params={facet.query={!key%3Dfecha|hoy}fecha_publicacion:[NOW-5HOURS/DAY+TO+NOW]&facet.query={!key%3Dfecha|hace-2-dias}fecha_publicacion:[NOW-2DAYS/DAY+TO+NOW]&facet.query={!key%3Dfecha|ultima-semana}fecha_publicacion:[NOW-7DAYS/DAY+TO+NOW]&facet.query={!key%3Dfecha|ultima-quincena}fecha_publicacion:[NOW-15DAYS/DAY+TO+NOW]&facet.query={!key%3Dfecha|ultimo-todos}fecha_publicacion:[NOW-1MONTH/DAY+TO+NOW]&facet.query={!key%3Dsalario|0-0}salario_min:[0+TO+0]+AND+salario_max:[0+TO+0]&facet.query={!key%3Dsalario|0-15000}salario_min:[0+TO+15000]+AND+salario_max:[0+TO+15000]&facet.query={!key%3Dsalario|15001-20000}salario_min:[15001+TO+20000]+AND+salario_max:[15001+TO+20000]&facet.query={!key%3Dsalario|20001-30000}salario_min:[20001+TO+30000]+AND+salario_max:[20001+TO+30000]&facet.query={!key%3Dsalario|30001-40000}salario_min:[30001+TO+40000]+AND+salario_max:[30001+TO+40000]&facet.query={!key%3Dsalario|40001-50000}salario_min:[40001+TO+50000]+AND+salario_max:[40001+TO+50000]&facet.query={!key%3Dsalario|50001-ms}salario_min:[50001+TO+60001]+AND+salario_max:[50001+TO+60001]&q=*:*&facet.field={!key%3Dareas}areas&facet.field={!key%3Dnivel}nivel&facet.field={!key%3Dubigeo}ubigeo&json.nl=flat&omitHeader=true&fl=*,score&start=0&sort=prioridad+asc,fecha_publicacion+desc&rows=20&wt=json&facet=true} hits=1426 status=0 QTime=3 
7143530 INFO  (qtp428746855-19) [   x:avisos] o.a.s.c.S.Request [avisos] webapp=/solr path=/select params={facet.query={!key%3Dfecha|hoy}fecha_publicacion:[NOW-5HOURS/DAY+TO+NOW]&facet.query={!key%3Dfecha|hace-2-dias}fecha_publicacion:[NOW-2DAYS/DAY+TO+NOW]&facet.query={!key%3Dfecha|ultima-semana}fecha_publicacion:[NOW-7DAYS/DAY+TO+NOW]&facet.query={!key%3Dfecha|ultima-quincena}fecha_publicacion:[NOW-15DAYS/DAY+TO+NOW]&facet.query={!key%3Dfecha|ultimo-todos}fecha_publicacion:[NOW-1MONTH/DAY+TO+NOW]&facet.query={!key%3Dsalario|0-0}salario_min:[0+TO+0]+AND+salario_max:[0+TO+0]&facet.query={!key%3Dsalario|0-15000}salario_min:[0+TO+15000]+AND+salario_max:[0+TO+15000]&facet.query={!key%3Dsalario|15001-20000}salario_min:[15001+TO+20000]+AND+salario_max:[15001+TO+20000]&facet.query={!key%3Dsalario|20001-30000}salario_min:[20001+TO+30000]+AND+salario_max:[20001+TO+30000]&facet.query={!key%3Dsalario|30001-40000}salario_min:[30001+TO+40000]+AND+salario_max:[30001+TO+40000]&facet.query={!key%3Dsalario|40001-50000}salario_min:[40001+TO+50000]+AND+salario_max:[40001+TO+50000]&facet.query={!key%3Dsalario|50001-ms}salario_min:[50001+TO+60001]+AND+salario_max:[50001+TO+60001]&q=*:*&facet.field={!key%3Dareas}areas&facet.field={!key%3Dnivel}nivel&facet.field={!key%3Dubigeo}ubigeo&json.nl=flat&omitHeader=true&fl=*,score&start=0&sort=prioridad+asc,fecha_publicacion+desc&rows=20&wt=json&facet=true} hits=1426 status=0 QTime=3949 
