WARNING: System properties and/or JVM args set.  Consider using --dry-run or --exec
0    INFO  (main) [   ] o.e.j.u.log Logging initialized @189ms
105  INFO  (main) [   ] o.e.j.s.Server jetty-9.2.11.v20150529
115  WARN  (main) [   ] o.e.j.s.h.RequestLogHandler !RequestLog
117  INFO  (main) [   ] o.e.j.d.p.ScanningAppProvider Deployment monitor [file:/home/ronald/Sistemas/solr-trabajobusco/server/contexts/] at interval 0
374  INFO  (main) [   ] o.e.j.w.StandardDescriptorProcessor NO JSP Support for /solr, did not find org.apache.jasper.servlet.JspServlet
382  WARN  (main) [   ] o.e.j.s.SecurityHandler ServletContext@o.e.j.w.WebAppContext@271053e1{/solr,file:/home/ronald/Sistemas/solr-trabajobusco/server/solr-webapp/webapp/,STARTING}{/home/ronald/Sistemas/solr-trabajobusco/server/solr-webapp/webapp} has uncovered http methods for path: /
386  INFO  (main) [   ] o.a.s.s.SolrDispatchFilter SolrDispatchFilter.init(): WebAppClassLoader=1164371389@4566e5bd
396  INFO  (main) [   ] o.a.s.c.SolrResourceLoader JNDI not configured for solr (NoInitialContextEx)
396  INFO  (main) [   ] o.a.s.c.SolrResourceLoader using system property solr.solr.home: /home/ronald/Sistemas/solr-trabajobusco/server/solr
398  INFO  (main) [   ] o.a.s.c.SolrResourceLoader new SolrResourceLoader for directory: '/home/ronald/Sistemas/solr-trabajobusco/server/solr/'
484  INFO  (main) [   ] o.a.s.c.SolrXmlConfig Loading container configuration from /home/ronald/Sistemas/solr-trabajobusco/server/solr/solr.xml
529  INFO  (main) [   ] o.a.s.c.CoresLocator Config-defined core root directory: /home/ronald/Sistemas/solr-trabajobusco/server/solr
544  INFO  (main) [   ] o.a.s.c.CoreContainer New CoreContainer 1276261147
545  INFO  (main) [   ] o.a.s.c.CoreContainer Loading cores into CoreContainer [instanceDir=/home/ronald/Sistemas/solr-trabajobusco/server/solr/]
545  INFO  (main) [   ] o.a.s.c.CoreContainer loading shared library: /home/ronald/Sistemas/solr-trabajobusco/server/solr/lib
545  WARN  (main) [   ] o.a.s.c.SolrResourceLoader Can't find (or read) directory to add to classloader: lib (resolved as: /home/ronald/Sistemas/solr-trabajobusco/server/solr/lib).
555  INFO  (main) [   ] o.a.s.h.c.HttpShardHandlerFactory created with socketTimeout : 600000,connTimeout : 60000,maxConnectionsPerHost : 20,maxConnections : 10000,corePoolSize : 0,maximumPoolSize : 2147483647,maxThreadIdleTime : 5,sizeOfQueue : -1,fairnessPolicy : false,useRetries : false,
681  INFO  (main) [   ] o.a.s.u.UpdateShardHandler Creating UpdateShardHandler HTTP client with params: socketTimeout=600000&connTimeout=60000&retry=true
682  INFO  (main) [   ] o.a.s.l.LogWatcher SLF4J impl is org.slf4j.impl.Log4jLoggerFactory
683  INFO  (main) [   ] o.a.s.l.LogWatcher Registering Log Listener [Log4j (org.slf4j.impl.Log4jLoggerFactory)]
684  INFO  (main) [   ] o.a.s.c.CoreContainer Security conf doesn't exist. Skipping setup for authorization module.
684  INFO  (main) [   ] o.a.s.c.CoreContainer No authentication plugin used.
703  INFO  (main) [   ] o.a.s.c.CoresLocator Looking for core definitions underneath /home/ronald/Sistemas/solr-trabajobusco/server/solr
719  INFO  (main) [   ] o.a.s.c.SolrCore Created CoreDescriptor: {name=token, config=solrconfig.xml, transient=false, schema=schema.xml, loadOnStartup=true, configSetProperties=configsetprops.json, instanceDir=/home/ronald/Sistemas/solr-trabajobusco/server/solr/token, absoluteInstDir=/home/ronald/Sistemas/solr-trabajobusco/server/solr/token/, dataDir=data/}
719  INFO  (main) [   ] o.a.s.c.CoresLocator Found core token in /home/ronald/Sistemas/solr-trabajobusco/server/solr/token/
721  INFO  (main) [   ] o.a.s.c.SolrCore Created CoreDescriptor: {name=avisos, config=solrconfig.xml, transient=false, schema=schema.xml, loadOnStartup=true, configSetProperties=configsetprops.json, instanceDir=/home/ronald/Sistemas/solr-trabajobusco/server/solr/avisos, absoluteInstDir=/home/ronald/Sistemas/solr-trabajobusco/server/solr/avisos/, dataDir=/home/ronald/Sistemas/solr-trabajobusco/server/solr/avisos/data/}
721  INFO  (main) [   ] o.a.s.c.CoresLocator Found core avisos in /home/ronald/Sistemas/solr-trabajobusco/server/solr/avisos/
722  INFO  (main) [   ] o.a.s.c.SolrCore Created CoreDescriptor: {name=avisos, config=solrconfig.xml, transient=false, schema=schema.xml, loadOnStartup=true, configSetProperties=configsetprops.json, instanceDir=/home/ronald/Sistemas/solr-trabajobusco/server/solr/postulacion, absoluteInstDir=/home/ronald/Sistemas/solr-trabajobusco/server/solr/postulacion/, dataDir=/home/ronald/Sistemas/solr-5.3/server/solr/avisos/data/}
722  INFO  (main) [   ] o.a.s.c.CoresLocator Found core avisos in /home/ronald/Sistemas/solr-trabajobusco/server/solr/postulacion/
762  INFO  (main) [   ] o.a.s.c.CoresLocator Found 3 core definitions
764  ERROR (main) [   ] o.a.s.s.SolrDispatchFilter Could not start Solr. Check solr/home property and the logs
765  ERROR (main) [   ] o.a.s.c.SolrCore null:org.apache.solr.common.SolrException: Found multiple cores with the name [avisos], with instancedirs [/home/ronald/Sistemas/solr-trabajobusco/server/solr/avisos/] and [/home/ronald/Sistemas/solr-trabajobusco/server/solr/postulacion/]
	at org.apache.solr.core.CoreContainer.checkForDuplicateCoreNames(CoreContainer.java:507)
	at org.apache.solr.core.CoreContainer.load(CoreContainer.java:424)
	at org.apache.solr.servlet.SolrDispatchFilter.createCoreContainer(SolrDispatchFilter.java:132)
	at org.apache.solr.servlet.SolrDispatchFilter.init(SolrDispatchFilter.java:109)
	at org.eclipse.jetty.servlet.FilterHolder.initialize(FilterHolder.java:138)
	at org.eclipse.jetty.servlet.ServletHandler.initialize(ServletHandler.java:852)
	at org.eclipse.jetty.servlet.ServletContextHandler.startContext(ServletContextHandler.java:298)
	at org.eclipse.jetty.webapp.WebAppContext.startWebapp(WebAppContext.java:1349)
	at org.eclipse.jetty.webapp.WebAppContext.startContext(WebAppContext.java:1342)
	at org.eclipse.jetty.server.handler.ContextHandler.doStart(ContextHandler.java:741)
	at org.eclipse.jetty.webapp.WebAppContext.doStart(WebAppContext.java:505)
	at org.eclipse.jetty.util.component.AbstractLifeCycle.start(AbstractLifeCycle.java:68)
	at org.eclipse.jetty.deploy.bindings.StandardStarter.processBinding(StandardStarter.java:41)
	at org.eclipse.jetty.deploy.AppLifeCycle.runBindings(AppLifeCycle.java:186)
	at org.eclipse.jetty.deploy.DeploymentManager.requestAppGoal(DeploymentManager.java:498)
	at org.eclipse.jetty.deploy.DeploymentManager.addApp(DeploymentManager.java:146)
	at org.eclipse.jetty.deploy.providers.ScanningAppProvider.fileAdded(ScanningAppProvider.java:180)
	at org.eclipse.jetty.deploy.providers.WebAppProvider.fileAdded(WebAppProvider.java:461)
	at org.eclipse.jetty.deploy.providers.ScanningAppProvider$1.fileAdded(ScanningAppProvider.java:64)
	at org.eclipse.jetty.util.Scanner.reportAddition(Scanner.java:609)
	at org.eclipse.jetty.util.Scanner.reportDifferences(Scanner.java:528)
	at org.eclipse.jetty.util.Scanner.scan(Scanner.java:391)
	at org.eclipse.jetty.util.Scanner.doStart(Scanner.java:313)
	at org.eclipse.jetty.util.component.AbstractLifeCycle.start(AbstractLifeCycle.java:68)
	at org.eclipse.jetty.deploy.providers.ScanningAppProvider.doStart(ScanningAppProvider.java:150)
	at org.eclipse.jetty.util.component.AbstractLifeCycle.start(AbstractLifeCycle.java:68)
	at org.eclipse.jetty.deploy.DeploymentManager.startAppProvider(DeploymentManager.java:560)
	at org.eclipse.jetty.deploy.DeploymentManager.doStart(DeploymentManager.java:235)
	at org.eclipse.jetty.util.component.AbstractLifeCycle.start(AbstractLifeCycle.java:68)
	at org.eclipse.jetty.util.component.ContainerLifeCycle.start(ContainerLifeCycle.java:132)
	at org.eclipse.jetty.server.Server.start(Server.java:387)
	at org.eclipse.jetty.util.component.ContainerLifeCycle.doStart(ContainerLifeCycle.java:114)
	at org.eclipse.jetty.server.handler.AbstractHandler.doStart(AbstractHandler.java:61)
	at org.eclipse.jetty.server.Server.doStart(Server.java:354)
	at org.eclipse.jetty.util.component.AbstractLifeCycle.start(AbstractLifeCycle.java:68)
	at org.eclipse.jetty.xml.XmlConfiguration$1.run(XmlConfiguration.java:1255)
	at java.security.AccessController.doPrivileged(Native Method)
	at org.eclipse.jetty.xml.XmlConfiguration.main(XmlConfiguration.java:1174)
	at sun.reflect.NativeMethodAccessorImpl.invoke0(Native Method)
	at sun.reflect.NativeMethodAccessorImpl.invoke(NativeMethodAccessorImpl.java:62)
	at sun.reflect.DelegatingMethodAccessorImpl.invoke(DelegatingMethodAccessorImpl.java:43)
	at java.lang.reflect.Method.invoke(Method.java:498)
	at org.eclipse.jetty.start.Main.invokeMain(Main.java:321)
	at org.eclipse.jetty.start.Main.start(Main.java:817)
	at org.eclipse.jetty.start.Main.main(Main.java:112)

765  INFO  (main) [   ] o.a.s.s.SolrDispatchFilter SolrDispatchFilter.init() done
772  INFO  (main) [   ] o.e.j.s.h.ContextHandler Started o.e.j.w.WebAppContext@271053e1{/solr,file:/home/ronald/Sistemas/solr-trabajobusco/server/solr-webapp/webapp/,AVAILABLE}{/home/ronald/Sistemas/solr-trabajobusco/server/solr-webapp/webapp}
778  INFO  (main) [   ] o.e.j.s.ServerConnector Started ServerConnector@33065d67{HTTP/1.1}{0.0.0.0:8990}
778  INFO  (main) [   ] o.e.j.s.Server Started @968ms
8895 INFO  (qtp428746855-16) [   ] o.a.s.s.SolrDispatchFilter [admin] webapp=null path=/admin/cores params={indexInfo=false&wt=json&_=1463592848271} status=0 QTime=7 
9417 INFO  (qtp428746855-21) [   ] o.a.s.s.SolrDispatchFilter [admin] webapp=null path=/admin/info/system params={wt=json&_=1463592848663} status=0 QTime=8 
9492 INFO  (qtp428746855-14) [   ] o.a.s.s.SolrDispatchFilter [admin] webapp=null path=/admin/cores params={wt=json&_=1463592849070} status=0 QTime=0 
28690 INFO  (qtp428746855-16) [   ] o.a.s.s.SolrDispatchFilter [admin] webapp=null path=/admin/cores params={indexInfo=false&wt=json&_=1463592868266} status=0 QTime=0 
28758 INFO  (qtp428746855-20) [   ] o.a.s.s.SolrDispatchFilter [admin] webapp=null path=/admin/info/system params={wt=json&_=1463592868291} status=0 QTime=13 
28770 INFO  (qtp428746855-14) [   ] o.a.s.s.SolrDispatchFilter [admin] webapp=null path=/admin/cores params={wt=json&_=1463592868348} status=0 QTime=0 
29637 INFO  (qtp428746855-18) [   ] o.a.s.s.SolrDispatchFilter [admin] webapp=null path=/admin/cores params={indexInfo=false&wt=json&_=1463592869209} status=0 QTime=0 
29679 INFO  (qtp428746855-13) [   ] o.a.s.s.SolrDispatchFilter [admin] webapp=null path=/admin/info/system params={wt=json&_=1463592869247} status=0 QTime=4 
29743 INFO  (qtp428746855-16) [   ] o.a.s.s.SolrDispatchFilter [admin] webapp=null path=/admin/cores params={wt=json&_=1463592869277} status=0 QTime=0 
30208 INFO  (qtp428746855-14) [   ] o.a.s.s.SolrDispatchFilter [admin] webapp=null path=/admin/cores params={indexInfo=false&wt=json&_=1463592869785} status=0 QTime=0 
30241 INFO  (qtp428746855-21) [   ] o.a.s.s.SolrDispatchFilter [admin] webapp=null path=/admin/info/system params={wt=json&_=1463592869801} status=0 QTime=17 
30299 INFO  (qtp428746855-13) [   ] o.a.s.s.SolrDispatchFilter [admin] webapp=null path=/admin/cores params={wt=json&_=1463592869840} status=0 QTime=0 
30712 INFO  (qtp428746855-15) [   ] o.a.s.s.SolrDispatchFilter [admin] webapp=null path=/admin/cores params={indexInfo=false&wt=json&_=1463592870284} status=0 QTime=0 
30740 INFO  (qtp428746855-14) [   ] o.a.s.s.SolrDispatchFilter [admin] webapp=null path=/admin/info/system params={wt=json&_=1463592870310} status=0 QTime=4 
30765 INFO  (qtp428746855-21) [   ] o.a.s.s.SolrDispatchFilter [admin] webapp=null path=/admin/cores params={wt=json&_=1463592870332} status=0 QTime=0 
31266 INFO  (qtp428746855-20) [   ] o.a.s.s.SolrDispatchFilter [admin] webapp=null path=/admin/cores params={indexInfo=false&wt=json&_=1463592870843} status=0 QTime=0 
31312 INFO  (qtp428746855-15) [   ] o.a.s.s.SolrDispatchFilter [admin] webapp=null path=/admin/info/system params={wt=json&_=1463592870862} status=0 QTime=24 
31325 INFO  (qtp428746855-13) [   ] o.a.s.s.SolrDispatchFilter [admin] webapp=null path=/admin/cores params={wt=json&_=1463592870900} status=0 QTime=0 
31797 INFO  (qtp428746855-21) [   ] o.a.s.s.SolrDispatchFilter [admin] webapp=null path=/admin/cores params={indexInfo=false&wt=json&_=1463592871372} status=0 QTime=0 
31819 INFO  (qtp428746855-16) [   ] o.a.s.s.SolrDispatchFilter [admin] webapp=null path=/admin/info/system params={wt=json&_=1463592871391} status=0 QTime=2 
31840 INFO  (qtp428746855-14) [   ] o.a.s.s.SolrDispatchFilter [admin] webapp=null path=/admin/cores params={wt=json&_=1463592871415} status=0 QTime=0 
32343 INFO  (qtp428746855-18) [   ] o.a.s.s.SolrDispatchFilter [admin] webapp=null path=/admin/cores params={indexInfo=false&wt=json&_=1463592871915} status=0 QTime=0 
32393 INFO  (qtp428746855-15) [   ] o.a.s.s.SolrDispatchFilter [admin] webapp=null path=/admin/info/system params={wt=json&_=1463592871950} status=0 QTime=15 
32409 INFO  (qtp428746855-20) [   ] o.a.s.s.SolrDispatchFilter [admin] webapp=null path=/admin/cores params={wt=json&_=1463592871985} status=0 QTime=0 
32852 INFO  (qtp428746855-15) [   ] o.a.s.s.SolrDispatchFilter [admin] webapp=null path=/admin/cores params={indexInfo=false&wt=json&_=1463592872403} status=0 QTime=0 
32874 INFO  (qtp428746855-20) [   ] o.a.s.s.SolrDispatchFilter [admin] webapp=null path=/admin/info/system params={wt=json&_=1463592872448} status=0 QTime=2 
32955 INFO  (qtp428746855-18) [   ] o.a.s.s.SolrDispatchFilter [admin] webapp=null path=/admin/cores params={wt=json&_=1463592872490} status=0 QTime=0 
33612 INFO  (qtp428746855-14) [   ] o.a.s.s.SolrDispatchFilter [admin] webapp=null path=/admin/cores params={indexInfo=false&wt=json&_=1463592873188} status=0 QTime=0 
33648 INFO  (qtp428746855-21) [   ] o.a.s.s.SolrDispatchFilter [admin] webapp=null path=/admin/info/system params={wt=json&_=1463592873200} status=0 QTime=23 
33681 INFO  (qtp428746855-15) [   ] o.a.s.s.SolrDispatchFilter [admin] webapp=null path=/admin/cores params={wt=json&_=1463592873240} status=0 QTime=0 
34172 INFO  (qtp428746855-14) [   ] o.a.s.s.SolrDispatchFilter [admin] webapp=null path=/admin/cores params={indexInfo=false&wt=json&_=1463592873748} status=0 QTime=0 
34198 INFO  (qtp428746855-18) [   ] o.a.s.s.SolrDispatchFilter [admin] webapp=null path=/admin/info/system params={wt=json&_=1463592873766} status=0 QTime=8 
34226 INFO  (qtp428746855-13) [   ] o.a.s.s.SolrDispatchFilter [admin] webapp=null path=/admin/cores params={wt=json&_=1463592873800} status=0 QTime=0 
34688 INFO  (qtp428746855-18) [   ] o.a.s.s.SolrDispatchFilter [admin] webapp=null path=/admin/cores params={indexInfo=false&wt=json&_=1463592874257} status=0 QTime=0 
34712 INFO  (qtp428746855-13) [   ] o.a.s.s.SolrDispatchFilter [admin] webapp=null path=/admin/info/system params={wt=json&_=1463592874283} status=0 QTime=6 
34725 INFO  (qtp428746855-15) [   ] o.a.s.s.SolrDispatchFilter [admin] webapp=null path=/admin/cores params={wt=json&_=1463592874301} status=0 QTime=0 
35335 INFO  (qtp428746855-13) [   ] o.a.s.s.SolrDispatchFilter [admin] webapp=null path=/admin/cores params={indexInfo=false&wt=json&_=1463592874910} status=0 QTime=0 
35421 INFO  (qtp428746855-16) [   ] o.a.s.s.SolrDispatchFilter [admin] webapp=null path=/admin/info/system params={wt=json&_=1463592874925} status=0 QTime=21 
35432 INFO  (qtp428746855-18) [   ] o.a.s.s.SolrDispatchFilter [admin] webapp=null path=/admin/cores params={wt=json&_=1463592875009} status=0 QTime=0 
36485 INFO  (qtp428746855-20) [   ] o.a.s.s.SolrDispatchFilter [admin] webapp=null path=/admin/cores params={indexInfo=false&wt=json&_=1463592876057} status=0 QTime=0 
36508 INFO  (qtp428746855-14) [   ] o.a.s.s.SolrDispatchFilter [admin] webapp=null path=/admin/info/system params={wt=json&_=1463592876081} status=0 QTime=3 
36587 INFO  (qtp428746855-21) [   ] o.a.s.s.SolrDispatchFilter [admin] webapp=null path=/admin/cores params={wt=json&_=1463592876101} status=0 QTime=0 
29956422 INFO  (Thread-0) [   ] o.e.j.s.ServerConnector Stopped ServerConnector@33065d67{HTTP/1.1}{0.0.0.0:8990}
29960835 INFO  (Thread-0) [   ] o.a.s.c.CoreContainer Shutting down CoreContainer instance=1276261147
29967315 INFO  (Thread-0) [   ] o.e.j.s.h.ContextHandler Stopped o.e.j.w.WebAppContext@271053e1{/solr,file:/home/ronald/Sistemas/solr-trabajobusco/server/solr-webapp/webapp/,UNAVAILABLE}{/home/ronald/Sistemas/solr-trabajobusco/server/solr-webapp/webapp}
