WARNING: System properties and/or JVM args set.  Consider using --dry-run or --exec
0    INFO  (main) [   ] o.e.j.u.log Logging initialized @193ms
107  INFO  (main) [   ] o.e.j.s.Server jetty-9.2.11.v20150529
116  WARN  (main) [   ] o.e.j.s.h.RequestLogHandler !RequestLog
118  INFO  (main) [   ] o.e.j.d.p.ScanningAppProvider Deployment monitor [file:/home/ronald/Sistemas/solr-trabajobusco/server/contexts/] at interval 0
809  INFO  (main) [   ] o.e.j.w.StandardDescriptorProcessor NO JSP Support for /solr, did not find org.apache.jasper.servlet.JspServlet
816  WARN  (main) [   ] o.e.j.s.SecurityHandler ServletContext@o.e.j.w.WebAppContext@271053e1{/solr,file:/home/ronald/Sistemas/solr-trabajobusco/server/solr-webapp/webapp/,STARTING}{/home/ronald/Sistemas/solr-trabajobusco/server/solr-webapp/webapp} has uncovered http methods for path: /
821  INFO  (main) [   ] o.a.s.s.SolrDispatchFilter SolrDispatchFilter.init(): WebAppClassLoader=1164371389@4566e5bd
831  INFO  (main) [   ] o.a.s.c.SolrResourceLoader JNDI not configured for solr (NoInitialContextEx)
831  INFO  (main) [   ] o.a.s.c.SolrResourceLoader using system property solr.solr.home: /home/ronald/Sistemas/solr-trabajobusco/server/solr
833  INFO  (main) [   ] o.a.s.c.SolrResourceLoader new SolrResourceLoader for directory: '/home/ronald/Sistemas/solr-trabajobusco/server/solr/'
921  INFO  (main) [   ] o.a.s.c.SolrXmlConfig Loading container configuration from /home/ronald/Sistemas/solr-trabajobusco/server/solr/solr.xml
964  INFO  (main) [   ] o.a.s.c.CoresLocator Config-defined core root directory: /home/ronald/Sistemas/solr-trabajobusco/server/solr
980  INFO  (main) [   ] o.a.s.c.CoreContainer New CoreContainer 1276261147
980  INFO  (main) [   ] o.a.s.c.CoreContainer Loading cores into CoreContainer [instanceDir=/home/ronald/Sistemas/solr-trabajobusco/server/solr/]
980  INFO  (main) [   ] o.a.s.c.CoreContainer loading shared library: /home/ronald/Sistemas/solr-trabajobusco/server/solr/lib
980  WARN  (main) [   ] o.a.s.c.SolrResourceLoader Can't find (or read) directory to add to classloader: lib (resolved as: /home/ronald/Sistemas/solr-trabajobusco/server/solr/lib).
989  INFO  (main) [   ] o.a.s.h.c.HttpShardHandlerFactory created with socketTimeout : 600000,connTimeout : 60000,maxConnectionsPerHost : 20,maxConnections : 10000,corePoolSize : 0,maximumPoolSize : 2147483647,maxThreadIdleTime : 5,sizeOfQueue : -1,fairnessPolicy : false,useRetries : false,
1121 INFO  (main) [   ] o.a.s.u.UpdateShardHandler Creating UpdateShardHandler HTTP client with params: socketTimeout=600000&connTimeout=60000&retry=true
1123 INFO  (main) [   ] o.a.s.l.LogWatcher SLF4J impl is org.slf4j.impl.Log4jLoggerFactory
1123 INFO  (main) [   ] o.a.s.l.LogWatcher Registering Log Listener [Log4j (org.slf4j.impl.Log4jLoggerFactory)]
1124 INFO  (main) [   ] o.a.s.c.CoreContainer Security conf doesn't exist. Skipping setup for authorization module.
1125 INFO  (main) [   ] o.a.s.c.CoreContainer No authentication plugin used.
1144 INFO  (main) [   ] o.a.s.c.CoresLocator Looking for core definitions underneath /home/ronald/Sistemas/solr-trabajobusco/server/solr
1158 INFO  (main) [   ] o.a.s.c.SolrCore Created CoreDescriptor: {name=token, config=solrconfig.xml, transient=false, schema=schema.xml, loadOnStartup=true, configSetProperties=configsetprops.json, instanceDir=/home/ronald/Sistemas/solr-trabajobusco/server/solr/token, absoluteInstDir=/home/ronald/Sistemas/solr-trabajobusco/server/solr/token/, dataDir=data/}
1158 INFO  (main) [   ] o.a.s.c.CoresLocator Found core token in /home/ronald/Sistemas/solr-trabajobusco/server/solr/token/
1160 INFO  (main) [   ] o.a.s.c.SolrCore Created CoreDescriptor: {name=avisos, config=solrconfig.xml, transient=false, schema=schema.xml, loadOnStartup=true, configSetProperties=configsetprops.json, instanceDir=/home/ronald/Sistemas/solr-trabajobusco/server/solr/avisos, absoluteInstDir=/home/ronald/Sistemas/solr-trabajobusco/server/solr/avisos/, dataDir=/home/ronald/Sistemas/solr-trabajobusco/server/solr/avisos/data/}
1161 INFO  (main) [   ] o.a.s.c.CoresLocator Found core avisos in /home/ronald/Sistemas/solr-trabajobusco/server/solr/avisos/
1161 INFO  (main) [   ] o.a.s.c.SolrCore Created CoreDescriptor: {name=avisos, config=solrconfig.xml, transient=false, schema=schema.xml, loadOnStartup=true, configSetProperties=configsetprops.json, instanceDir=/home/ronald/Sistemas/solr-trabajobusco/server/solr/postulacion, absoluteInstDir=/home/ronald/Sistemas/solr-trabajobusco/server/solr/postulacion/, dataDir=/home/ronald/Sistemas/solr-5.3/server/solr/avisos/data/}
1161 INFO  (main) [   ] o.a.s.c.CoresLocator Found core avisos in /home/ronald/Sistemas/solr-trabajobusco/server/solr/postulacion/
1162 INFO  (main) [   ] o.a.s.c.CoresLocator Found 3 core definitions
1164 ERROR (main) [   ] o.a.s.s.SolrDispatchFilter Could not start Solr. Check solr/home property and the logs
1165 ERROR (main) [   ] o.a.s.c.SolrCore null:org.apache.solr.common.SolrException: Found multiple cores with the name [avisos], with instancedirs [/home/ronald/Sistemas/solr-trabajobusco/server/solr/avisos/] and [/home/ronald/Sistemas/solr-trabajobusco/server/solr/postulacion/]
	at org.apache.solr.core.CoreContainer.checkForDuplicateCoreNames(CoreContainer.java:507)
	at org.apache.solr.core.CoreContainer.load(CoreContainer.java:424)
	at org.apache.solr.servlet.SolrDispatchFilter.createCoreContainer(SolrDispatchFilter.java:132)
	at org.apache.solr.servlet.SolrDispatchFilter.init(SolrDispatchFilter.java:109)
	at org.eclipse.jetty.servlet.FilterHolder.initialize(FilterHolder.java:138)
	at org.eclipse.jetty.servlet.ServletHandler.initialize(ServletHandler.java:852)
	at org.eclipse.jetty.servlet.ServletContextHandler.startContext(ServletContextHandler.java:298)
	at org.eclipse.jetty.webapp.WebAppContext.startWebapp(WebAppContext.java:1349)
	at org.eclipse.jetty.webapp.WebAppContext.startContext(WebAppContext.java:1342)
	at org.eclipse.jetty.server.handler.ContextHandler.doStart(ContextHandler.java:741)
	at org.eclipse.jetty.webapp.WebAppContext.doStart(WebAppContext.java:505)
	at org.eclipse.jetty.util.component.AbstractLifeCycle.start(AbstractLifeCycle.java:68)
	at org.eclipse.jetty.deploy.bindings.StandardStarter.processBinding(StandardStarter.java:41)
	at org.eclipse.jetty.deploy.AppLifeCycle.runBindings(AppLifeCycle.java:186)
	at org.eclipse.jetty.deploy.DeploymentManager.requestAppGoal(DeploymentManager.java:498)
	at org.eclipse.jetty.deploy.DeploymentManager.addApp(DeploymentManager.java:146)
	at org.eclipse.jetty.deploy.providers.ScanningAppProvider.fileAdded(ScanningAppProvider.java:180)
	at org.eclipse.jetty.deploy.providers.WebAppProvider.fileAdded(WebAppProvider.java:461)
	at org.eclipse.jetty.deploy.providers.ScanningAppProvider$1.fileAdded(ScanningAppProvider.java:64)
	at org.eclipse.jetty.util.Scanner.reportAddition(Scanner.java:609)
	at org.eclipse.jetty.util.Scanner.reportDifferences(Scanner.java:528)
	at org.eclipse.jetty.util.Scanner.scan(Scanner.java:391)
	at org.eclipse.jetty.util.Scanner.doStart(Scanner.java:313)
	at org.eclipse.jetty.util.component.AbstractLifeCycle.start(AbstractLifeCycle.java:68)
	at org.eclipse.jetty.deploy.providers.ScanningAppProvider.doStart(ScanningAppProvider.java:150)
	at org.eclipse.jetty.util.component.AbstractLifeCycle.start(AbstractLifeCycle.java:68)
	at org.eclipse.jetty.deploy.DeploymentManager.startAppProvider(DeploymentManager.java:560)
	at org.eclipse.jetty.deploy.DeploymentManager.doStart(DeploymentManager.java:235)
	at org.eclipse.jetty.util.component.AbstractLifeCycle.start(AbstractLifeCycle.java:68)
	at org.eclipse.jetty.util.component.ContainerLifeCycle.start(ContainerLifeCycle.java:132)
	at org.eclipse.jetty.server.Server.start(Server.java:387)
	at org.eclipse.jetty.util.component.ContainerLifeCycle.doStart(ContainerLifeCycle.java:114)
	at org.eclipse.jetty.server.handler.AbstractHandler.doStart(AbstractHandler.java:61)
	at org.eclipse.jetty.server.Server.doStart(Server.java:354)
	at org.eclipse.jetty.util.component.AbstractLifeCycle.start(AbstractLifeCycle.java:68)
	at org.eclipse.jetty.xml.XmlConfiguration$1.run(XmlConfiguration.java:1255)
	at java.security.AccessController.doPrivileged(Native Method)
	at org.eclipse.jetty.xml.XmlConfiguration.main(XmlConfiguration.java:1174)
	at sun.reflect.NativeMethodAccessorImpl.invoke0(Native Method)
	at sun.reflect.NativeMethodAccessorImpl.invoke(NativeMethodAccessorImpl.java:62)
	at sun.reflect.DelegatingMethodAccessorImpl.invoke(DelegatingMethodAccessorImpl.java:43)
	at java.lang.reflect.Method.invoke(Method.java:498)
	at org.eclipse.jetty.start.Main.invokeMain(Main.java:321)
	at org.eclipse.jetty.start.Main.start(Main.java:817)
	at org.eclipse.jetty.start.Main.main(Main.java:112)

1165 INFO  (main) [   ] o.a.s.s.SolrDispatchFilter SolrDispatchFilter.init() done
1173 INFO  (main) [   ] o.e.j.s.h.ContextHandler Started o.e.j.w.WebAppContext@271053e1{/solr,file:/home/ronald/Sistemas/solr-trabajobusco/server/solr-webapp/webapp/,AVAILABLE}{/home/ronald/Sistemas/solr-trabajobusco/server/solr-webapp/webapp}
1179 INFO  (main) [   ] o.e.j.s.ServerConnector Started ServerConnector@33065d67{HTTP/1.1}{0.0.0.0:8895}
1179 INFO  (main) [   ] o.e.j.s.Server Started @1373ms
7376 INFO  (qtp428746855-17) [   ] o.a.s.s.SolrDispatchFilter [admin] webapp=null path=/admin/cores params={indexInfo=false&wt=json&_=1463611980172} status=0 QTime=9 
7410 INFO  (qtp428746855-13) [   ] o.a.s.s.SolrDispatchFilter [admin] webapp=null path=/admin/info/system params={wt=json&_=1463611980205} status=0 QTime=10 
7428 INFO  (qtp428746855-14) [   ] o.a.s.s.SolrDispatchFilter [admin] webapp=null path=/admin/cores params={wt=json&_=1463611980235} status=0 QTime=0 
9681 INFO  (qtp428746855-15) [   ] o.a.s.s.SolrDispatchFilter [admin] webapp=null path=/admin/cores params={indexInfo=false&wt=json&_=1463611982463} status=0 QTime=0 
9724 INFO  (qtp428746855-21) [   ] o.a.s.s.SolrDispatchFilter [admin] webapp=null path=/admin/info/system params={wt=json&_=1463611982509} status=0 QTime=20 
9735 INFO  (qtp428746855-17) [   ] o.a.s.s.SolrDispatchFilter [admin] webapp=null path=/admin/cores params={wt=json&_=1463611982541} status=0 QTime=0 
10360 INFO  (qtp428746855-21) [   ] o.a.s.s.SolrDispatchFilter [admin] webapp=null path=/admin/cores params={indexInfo=false&wt=json&_=1463611983166} status=0 QTime=0 
10394 INFO  (qtp428746855-14) [   ] o.a.s.s.SolrDispatchFilter [admin] webapp=null path=/admin/info/system params={wt=json&_=1463611983190} status=0 QTime=10 
10415 INFO  (qtp428746855-13) [   ] o.a.s.s.SolrDispatchFilter [admin] webapp=null path=/admin/cores params={wt=json&_=1463611983217} status=0 QTime=0 
10977 INFO  (qtp428746855-14) [   ] o.a.s.s.SolrDispatchFilter [admin] webapp=null path=/admin/cores params={indexInfo=false&wt=json&_=1463611983783} status=0 QTime=0 
11005 INFO  (qtp428746855-15) [   ] o.a.s.s.SolrDispatchFilter [admin] webapp=null path=/admin/info/system params={wt=json&_=1463611983802} status=0 QTime=8 
11031 INFO  (qtp428746855-18) [   ] o.a.s.s.SolrDispatchFilter [admin] webapp=null path=/admin/cores params={wt=json&_=1463611983837} status=0 QTime=0 
11304 INFO  (qtp428746855-16) [   ] o.a.s.s.SolrDispatchFilter [admin] webapp=null path=/admin/cores params={indexInfo=false&wt=json&_=1463611984110} status=0 QTime=0 
11325 INFO  (qtp428746855-21) [   ] o.a.s.s.SolrDispatchFilter [admin] webapp=null path=/admin/info/system params={wt=json&_=1463611984126} status=0 QTime=6 
11336 INFO  (qtp428746855-15) [   ] o.a.s.s.SolrDispatchFilter [admin] webapp=null path=/admin/cores params={wt=json&_=1463611984143} status=0 QTime=0 
11988 INFO  (qtp428746855-17) [   ] o.a.s.s.SolrDispatchFilter [admin] webapp=null path=/admin/cores params={indexInfo=false&wt=json&_=1463611984791} status=0 QTime=0 
12025 INFO  (qtp428746855-18) [   ] o.a.s.s.SolrDispatchFilter [admin] webapp=null path=/admin/info/system params={wt=json&_=1463611984828} status=0 QTime=3 
12045 INFO  (qtp428746855-21) [   ] o.a.s.s.SolrDispatchFilter [admin] webapp=null path=/admin/cores params={wt=json&_=1463611984851} status=0 QTime=0 
19958 INFO  (qtp428746855-15) [   ] o.a.s.h.a.CoreAdminHandler core create command schema=schema.xml&dataDir=data&name=new_core&indexInfo=false&action=CREATE&collection=&shard=&wt=json&instanceDir=new_core&config=solrconfig.xml&_=1463611992765
19959 INFO  (qtp428746855-15) [   ] o.a.s.c.SolrCore Created CoreDescriptor: {name=new_core, config=solrconfig.xml, transient=false, schema=schema.xml, loadOnStartup=true, configSetProperties=configsetprops.json, instanceDir=new_core, absoluteInstDir=/home/ronald/Sistemas/solr-trabajobusco/server/solr/new_core/, dataDir=data}
19959 INFO  (qtp428746855-15) [   ] o.a.s.c.SolrResourceLoader new SolrResourceLoader for directory: '/home/ronald/Sistemas/solr-trabajobusco/server/solr/new_core/'
20001 ERROR (qtp428746855-15) [   ] o.a.s.c.CoreContainer Error creating core [new_core]: Could not load conf for core new_core: Error loading solr config from /home/ronald/Sistemas/solr-trabajobusco/server/solr/new_core/conf/solrconfig.xml
org.apache.solr.common.SolrException: Could not load conf for core new_core: Error loading solr config from /home/ronald/Sistemas/solr-trabajobusco/server/solr/new_core/conf/solrconfig.xml
	at org.apache.solr.core.ConfigSetService.getConfig(ConfigSetService.java:80)
	at org.apache.solr.core.CoreContainer.create(CoreContainer.java:721)
	at org.apache.solr.core.CoreContainer.create(CoreContainer.java:697)
	at org.apache.solr.handler.admin.CoreAdminHandler.handleCreateAction(CoreAdminHandler.java:629)
	at org.apache.solr.handler.admin.CoreAdminHandler.handleRequestInternal(CoreAdminHandler.java:214)
	at org.apache.solr.handler.admin.CoreAdminHandler.handleRequestBody(CoreAdminHandler.java:194)
	at org.apache.solr.handler.RequestHandlerBase.handleRequest(RequestHandlerBase.java:143)
	at org.apache.solr.servlet.HttpSolrCall.handleAdminRequest(HttpSolrCall.java:675)
	at org.apache.solr.servlet.HttpSolrCall.call(HttpSolrCall.java:443)
	at org.apache.solr.servlet.SolrDispatchFilter.doFilter(SolrDispatchFilter.java:214)
	at org.apache.solr.servlet.SolrDispatchFilter.doFilter(SolrDispatchFilter.java:179)
	at org.eclipse.jetty.servlet.ServletHandler$CachedChain.doFilter(ServletHandler.java:1652)
	at org.eclipse.jetty.servlet.ServletHandler.doHandle(ServletHandler.java:585)
	at org.eclipse.jetty.server.handler.ScopedHandler.handle(ScopedHandler.java:143)
	at org.eclipse.jetty.security.SecurityHandler.handle(SecurityHandler.java:577)
	at org.eclipse.jetty.server.session.SessionHandler.doHandle(SessionHandler.java:223)
	at org.eclipse.jetty.server.handler.ContextHandler.doHandle(ContextHandler.java:1127)
	at org.eclipse.jetty.servlet.ServletHandler.doScope(ServletHandler.java:515)
	at org.eclipse.jetty.server.session.SessionHandler.doScope(SessionHandler.java:185)
	at org.eclipse.jetty.server.handler.ContextHandler.doScope(ContextHandler.java:1061)
	at org.eclipse.jetty.server.handler.ScopedHandler.handle(ScopedHandler.java:141)
	at org.eclipse.jetty.server.handler.ContextHandlerCollection.handle(ContextHandlerCollection.java:215)
	at org.eclipse.jetty.server.handler.HandlerCollection.handle(HandlerCollection.java:110)
	at org.eclipse.jetty.server.handler.HandlerWrapper.handle(HandlerWrapper.java:97)
	at org.eclipse.jetty.server.Server.handle(Server.java:499)
	at org.eclipse.jetty.server.HttpChannel.handle(HttpChannel.java:310)
	at org.eclipse.jetty.server.HttpConnection.onFillable(HttpConnection.java:257)
	at org.eclipse.jetty.io.AbstractConnection$2.run(AbstractConnection.java:540)
	at org.eclipse.jetty.util.thread.QueuedThreadPool.runJob(QueuedThreadPool.java:635)
	at org.eclipse.jetty.util.thread.QueuedThreadPool$3.run(QueuedThreadPool.java:555)
	at java.lang.Thread.run(Thread.java:745)
Caused by: org.apache.solr.common.SolrException: Error loading solr config from /home/ronald/Sistemas/solr-trabajobusco/server/solr/new_core/conf/solrconfig.xml
	at org.apache.solr.core.SolrConfig.readFromResourceLoader(SolrConfig.java:186)
	at org.apache.solr.core.ConfigSetService.createSolrConfig(ConfigSetService.java:94)
	at org.apache.solr.core.ConfigSetService.getConfig(ConfigSetService.java:74)
	... 30 more
Caused by: org.apache.solr.core.SolrResourceNotFoundException: Can't find resource 'solrconfig.xml' in classpath or '/home/ronald/Sistemas/solr-trabajobusco/server/solr/new_core/conf'
	at org.apache.solr.core.SolrResourceLoader.openResource(SolrResourceLoader.java:363)
	at org.apache.solr.core.SolrResourceLoader.openConfig(SolrResourceLoader.java:309)
	at org.apache.solr.core.Config.<init>(Config.java:122)
	at org.apache.solr.core.Config.<init>(Config.java:92)
	at org.apache.solr.core.SolrConfig.<init>(SolrConfig.java:201)
	at org.apache.solr.core.SolrConfig.readFromResourceLoader(SolrConfig.java:178)
	... 32 more
20003 ERROR (qtp428746855-15) [   ] o.a.s.c.SolrCore org.apache.solr.common.SolrException: Error CREATEing SolrCore 'new_core': Unable to create core [new_core] Caused by: Can't find resource 'solrconfig.xml' in classpath or '/home/ronald/Sistemas/solr-trabajobusco/server/solr/new_core/conf'
	at org.apache.solr.handler.admin.CoreAdminHandler.handleCreateAction(CoreAdminHandler.java:662)
	at org.apache.solr.handler.admin.CoreAdminHandler.handleRequestInternal(CoreAdminHandler.java:214)
	at org.apache.solr.handler.admin.CoreAdminHandler.handleRequestBody(CoreAdminHandler.java:194)
	at org.apache.solr.handler.RequestHandlerBase.handleRequest(RequestHandlerBase.java:143)
	at org.apache.solr.servlet.HttpSolrCall.handleAdminRequest(HttpSolrCall.java:675)
	at org.apache.solr.servlet.HttpSolrCall.call(HttpSolrCall.java:443)
	at org.apache.solr.servlet.SolrDispatchFilter.doFilter(SolrDispatchFilter.java:214)
	at org.apache.solr.servlet.SolrDispatchFilter.doFilter(SolrDispatchFilter.java:179)
	at org.eclipse.jetty.servlet.ServletHandler$CachedChain.doFilter(ServletHandler.java:1652)
	at org.eclipse.jetty.servlet.ServletHandler.doHandle(ServletHandler.java:585)
	at org.eclipse.jetty.server.handler.ScopedHandler.handle(ScopedHandler.java:143)
	at org.eclipse.jetty.security.SecurityHandler.handle(SecurityHandler.java:577)
	at org.eclipse.jetty.server.session.SessionHandler.doHandle(SessionHandler.java:223)
	at org.eclipse.jetty.server.handler.ContextHandler.doHandle(ContextHandler.java:1127)
	at org.eclipse.jetty.servlet.ServletHandler.doScope(ServletHandler.java:515)
	at org.eclipse.jetty.server.session.SessionHandler.doScope(SessionHandler.java:185)
	at org.eclipse.jetty.server.handler.ContextHandler.doScope(ContextHandler.java:1061)
	at org.eclipse.jetty.server.handler.ScopedHandler.handle(ScopedHandler.java:141)
	at org.eclipse.jetty.server.handler.ContextHandlerCollection.handle(ContextHandlerCollection.java:215)
	at org.eclipse.jetty.server.handler.HandlerCollection.handle(HandlerCollection.java:110)
	at org.eclipse.jetty.server.handler.HandlerWrapper.handle(HandlerWrapper.java:97)
	at org.eclipse.jetty.server.Server.handle(Server.java:499)
	at org.eclipse.jetty.server.HttpChannel.handle(HttpChannel.java:310)
	at org.eclipse.jetty.server.HttpConnection.onFillable(HttpConnection.java:257)
	at org.eclipse.jetty.io.AbstractConnection$2.run(AbstractConnection.java:540)
	at org.eclipse.jetty.util.thread.QueuedThreadPool.runJob(QueuedThreadPool.java:635)
	at org.eclipse.jetty.util.thread.QueuedThreadPool$3.run(QueuedThreadPool.java:555)
	at java.lang.Thread.run(Thread.java:745)
Caused by: org.apache.solr.common.SolrException: Unable to create core [new_core]
	at org.apache.solr.core.CoreContainer.create(CoreContainer.java:737)
	at org.apache.solr.core.CoreContainer.create(CoreContainer.java:697)
	at org.apache.solr.handler.admin.CoreAdminHandler.handleCreateAction(CoreAdminHandler.java:629)
	... 27 more
Caused by: org.apache.solr.common.SolrException: Could not load conf for core new_core: Error loading solr config from /home/ronald/Sistemas/solr-trabajobusco/server/solr/new_core/conf/solrconfig.xml
	at org.apache.solr.core.ConfigSetService.getConfig(ConfigSetService.java:80)
	at org.apache.solr.core.CoreContainer.create(CoreContainer.java:721)
	... 29 more
Caused by: org.apache.solr.common.SolrException: Error loading solr config from /home/ronald/Sistemas/solr-trabajobusco/server/solr/new_core/conf/solrconfig.xml
	at org.apache.solr.core.SolrConfig.readFromResourceLoader(SolrConfig.java:186)
	at org.apache.solr.core.ConfigSetService.createSolrConfig(ConfigSetService.java:94)
	at org.apache.solr.core.ConfigSetService.getConfig(ConfigSetService.java:74)
	... 30 more
Caused by: org.apache.solr.core.SolrResourceNotFoundException: Can't find resource 'solrconfig.xml' in classpath or '/home/ronald/Sistemas/solr-trabajobusco/server/solr/new_core/conf'
	at org.apache.solr.core.SolrResourceLoader.openResource(SolrResourceLoader.java:363)
	at org.apache.solr.core.SolrResourceLoader.openConfig(SolrResourceLoader.java:309)
	at org.apache.solr.core.Config.<init>(Config.java:122)
	at org.apache.solr.core.Config.<init>(Config.java:92)
	at org.apache.solr.core.SolrConfig.<init>(SolrConfig.java:201)
	at org.apache.solr.core.SolrConfig.readFromResourceLoader(SolrConfig.java:178)
	... 32 more

20003 INFO  (qtp428746855-15) [   ] o.a.s.s.SolrDispatchFilter [admin] webapp=null path=/admin/cores params={schema=schema.xml&dataDir=data&name=new_core&indexInfo=false&action=CREATE&collection=&shard=&wt=json&instanceDir=new_core&config=solrconfig.xml&_=1463611992765} status=400 QTime=45 
28477 INFO  (qtp428746855-17) [   ] o.a.s.s.SolrDispatchFilter [admin] webapp=null path=/admin/cores params={indexInfo=false&wt=json&_=1463612001284} status=0 QTime=0 
28506 INFO  (qtp428746855-18) [   ] o.a.s.s.SolrDispatchFilter [admin] webapp=null path=/admin/info/system params={wt=json&_=1463612001296} status=0 QTime=16 
28534 INFO  (qtp428746855-16) [   ] o.a.s.s.SolrDispatchFilter [admin] webapp=null path=/admin/cores params={wt=json&_=1463612001337} status=0 QTime=0 
29341 INFO  (qtp428746855-16) [   ] o.a.s.s.SolrDispatchFilter [admin] webapp=null path=/admin/cores params={indexInfo=false&wt=json&_=1463612002147} status=0 QTime=0 
29368 INFO  (qtp428746855-17) [   ] o.a.s.s.SolrDispatchFilter [admin] webapp=null path=/admin/info/system params={wt=json&_=1463612002168} status=0 QTime=2 
29404 INFO  (qtp428746855-21) [   ] o.a.s.s.SolrDispatchFilter [admin] webapp=null path=/admin/cores params={wt=json&_=1463612002187} status=0 QTime=0 
29714 INFO  (qtp428746855-14) [   ] o.a.s.s.SolrDispatchFilter [admin] webapp=null path=/admin/cores params={indexInfo=false&wt=json&_=1463612002520} status=0 QTime=0 
29732 INFO  (qtp428746855-15) [   ] o.a.s.s.SolrDispatchFilter [admin] webapp=null path=/admin/info/system params={wt=json&_=1463612002535} status=0 QTime=2 
29755 INFO  (qtp428746855-16) [   ] o.a.s.s.SolrDispatchFilter [admin] webapp=null path=/admin/cores params={wt=json&_=1463612002549} status=0 QTime=0 
30197 INFO  (qtp428746855-18) [   ] o.a.s.s.SolrDispatchFilter [admin] webapp=null path=/admin/cores params={indexInfo=false&wt=json&_=1463612003001} status=0 QTime=0 
30238 INFO  (qtp428746855-17) [   ] o.a.s.s.SolrDispatchFilter [admin] webapp=null path=/admin/info/system params={wt=json&_=1463612003020} status=0 QTime=18 
30256 INFO  (qtp428746855-15) [   ] o.a.s.s.SolrDispatchFilter [admin] webapp=null path=/admin/cores params={wt=json&_=1463612003063} status=0 QTime=0 
10797037 INFO  (Thread-0) [   ] o.e.j.s.ServerConnector Stopped ServerConnector@33065d67{HTTP/1.1}{0.0.0.0:8895}
10797065 INFO  (Thread-0) [   ] o.a.s.c.CoreContainer Shutting down CoreContainer instance=1276261147
10798042 INFO  (Thread-0) [   ] o.e.j.s.h.ContextHandler Stopped o.e.j.w.WebAppContext@271053e1{/solr,file:/home/ronald/Sistemas/solr-trabajobusco/server/solr-webapp/webapp/,UNAVAILABLE}{/home/ronald/Sistemas/solr-trabajobusco/server/solr-webapp/webapp}
